SF:lib/service/storage.dart
DA:40,1
DA:41,1
DA:47,1
DA:54,1
DA:55,1
DA:60,0
DA:62,0
DA:64,0
DA:69,0
DA:71,0
DA:73,0
DA:78,0
DA:80,0
DA:82,0
DA:83,0
DA:84,0
DA:87,0
DA:89,0
DA:95,0
DA:97,0
DA:99,0
DA:104,0
DA:106,0
DA:108,0
DA:113,1
DA:115,0
DA:117,1
DA:122,1
DA:124,0
DA:126,1
DA:131,0
DA:133,0
DA:135,0
DA:140,0
DA:142,0
DA:144,0
DA:149,0
DA:150,0
DA:155,0
DA:157,0
DA:159,0
DA:164,0
DA:166,0
DA:168,0
DA:173,0
DA:175,0
DA:177,0
DA:182,0
DA:184,0
DA:186,0
LF:50
LH:9
end_of_record
SF:lib/store/model/message_model.dart
DA:58,1
DA:59,2
DA:63,1
DA:64,2
DA:68,1
DA:69,1
DA:75,0
DA:76,0
DA:80,1
DA:82,1
DA:84,1
DA:92,1
DA:93,1
DA:97,1
DA:98,1
DA:106,0
DA:139,1
DA:156,1
DA:158,1
DA:162,2
DA:163,2
DA:167,2
DA:168,2
DA:169,1
DA:171,1
DA:173,1
DA:175,0
DA:178,0
DA:179,0
DA:185,3
DA:186,0
DA:187,2
DA:190,3
DA:193,0
DA:195,0
DA:196,0
DA:198,0
DA:201,1
DA:202,1
DA:203,1
DA:205,3
DA:206,1
DA:207,1
DA:209,1
DA:210,1
DA:213,1
DA:214,1
DA:215,1
DA:222,1
DA:223,1
DA:224,2
DA:225,2
DA:226,2
DA:227,2
DA:228,2
DA:229,2
DA:230,2
DA:231,2
DA:232,2
DA:233,2
DA:236,1
DA:239,1
DA:240,1
DA:241,2
DA:243,3
DA:244,3
DA:249,2
DA:250,2
DA:254,2
DA:255,3
DA:256,2
DA:257,2
DA:259,0
DA:270,1
DA:271,2
DA:273,2
DA:275,2
DA:277,2
DA:279,2
DA:289,0
DA:291,0
DA:294,0
DA:304,1
DA:306,1
DA:307,1
DA:320,1
DA:322,2
DA:323,2
DA:328,1
DA:330,0
DA:332,0
DA:334,0
DA:336,0
DA:337,0
DA:341,0
DA:359,1
DA:361,2
DA:366,1
DA:367,2
DA:368,1
DA:369,0
DA:372,1
DA:374,2
DA:376,1
DA:379,1
DA:382,1
DA:383,1
DA:386,1
DA:389,1
DA:390,2
DA:392,2
DA:394,1
DA:396,2
DA:398,1
DA:400,2
DA:402,1
DA:404,2
DA:405,1
DA:406,2
DA:428,1
DA:429,2
DA:432,1
DA:433,1
DA:438,1
DA:441,1
DA:443,1
DA:444,1
DA:446,0
DA:448,1
DA:451,1
DA:454,1
DA:455,1
DA:458,1
DA:461,1
DA:462,2
DA:464,2
DA:466,1
DA:468,0
DA:470,1
DA:472,2
DA:474,1
DA:476,2
DA:477,1
DA:478,2
DA:488,1
DA:489,1
DA:491,1
DA:493,1
DA:495,1
DA:497,1
DA:503,0
DA:504,0
DA:507,0
DA:508,0
DA:511,1
DA:515,2
DA:517,0
DA:520,0
DA:521,0
DA:523,0
DA:525,0
DA:526,0
DA:528,0
DA:529,0
DA:530,0
DA:531,0
DA:532,0
DA:535,0
DA:536,0
DA:537,0
DA:538,0
DA:541,0
DA:548,0
DA:550,0
DA:551,0
DA:552,0
DA:553,0
DA:554,0
DA:557,0
DA:558,0
DA:559,0
DA:565,2
DA:566,1
DA:568,0
DA:569,0
DA:570,0
DA:571,0
DA:572,0
DA:575,0
DA:576,0
DA:577,0
DA:584,1
DA:587,1
DA:588,3
DA:589,1
DA:590,1
DA:591,2
DA:592,1
DA:595,1
DA:596,1
DA:597,1
DA:603,1
DA:607,1
DA:608,1
DA:610,1
DA:612,1
DA:616,4
DA:617,0
DA:618,0
DA:620,3
DA:621,0
DA:622,0
DA:624,1
DA:625,1
DA:628,1
DA:629,1
DA:630,1
DA:633,2
DA:637,2
DA:640,1
DA:641,1
DA:642,1
DA:644,2
DA:646,1
DA:647,1
DA:648,1
DA:650,1
DA:652,1
DA:653,1
DA:654,2
DA:656,1
DA:657,1
DA:658,1
DA:660,1
DA:662,1
DA:663,1
DA:664,3
DA:665,2
DA:666,2
DA:667,1
DA:668,2
DA:670,1
DA:671,1
DA:672,1
DA:674,1
DA:676,1
DA:677,1
DA:678,3
DA:679,1
DA:680,2
DA:682,3
DA:685,1
DA:686,1
DA:687,1
DA:689,1
DA:691,3
DA:692,1
DA:693,1
DA:694,1
DA:695,2
DA:696,2
DA:697,1
DA:698,2
DA:702,1
DA:703,1
DA:705,1
DA:707,3
DA:708,1
DA:709,1
DA:710,2
DA:711,1
DA:712,2
DA:714,1
DA:715,2
DA:718,2
DA:719,1
DA:720,1
DA:721,1
DA:724,2
DA:726,1
DA:727,1
DA:729,1
DA:730,1
DA:732,1
DA:733,1
DA:734,1
DA:735,1
DA:737,1
DA:738,2
DA:739,2
DA:740,2
DA:743,1
DA:744,1
DA:746,1
DA:747,1
DA:748,1
DA:750,1
DA:752,1
DA:753,2
DA:754,2
DA:757,1
DA:759,1
DA:760,1
DA:761,1
DA:763,1
DA:765,1
DA:766,1
DA:769,1
DA:770,1
DA:771,1
DA:772,1
DA:776,2
DA:781,1
DA:782,1
DA:783,1
DA:785,1
DA:787,1
DA:788,1
DA:789,1
DA:790,1
DA:799,1
DA:800,1
DA:806,1
DA:808,1
DA:809,2
DA:810,2
DA:811,1
DA:813,1
DA:814,2
DA:815,2
DA:816,1
DA:818,1
DA:819,2
DA:820,2
DA:821,2
DA:822,2
DA:823,2
DA:824,2
DA:825,1
DA:827,1
DA:828,2
DA:829,2
DA:830,2
DA:831,2
DA:832,1
DA:834,1
DA:835,2
DA:836,2
DA:837,2
DA:838,2
DA:839,2
DA:840,2
DA:841,1
DA:843,1
DA:844,2
DA:845,2
DA:846,2
DA:847,3
DA:848,1
DA:849,0
DA:851,2
DA:852,1
DA:854,1
DA:855,2
DA:856,1
DA:858,1
DA:859,2
DA:860,3
DA:862,2
DA:866,1
DA:868,1
DA:869,1
DA:870,1
DA:872,1
DA:873,1
DA:876,1
DA:879,2
DA:880,4
DA:881,1
DA:885,1
DA:886,2
DA:887,2
LF:382
LH:316
end_of_record
SF:lib/component/extension/device_ext.dart
DA:14,0
DA:15,0
DA:19,0
DA:20,0
DA:21,0
DA:24,0
DA:25,0
DA:26,0
DA:27,0
DA:28,0
DA:30,0
DA:31,0
DA:32,0
DA:33,0
DA:34,0
DA:35,0
DA:36,0
DA:37,0
DA:38,0
DA:39,0
DA:40,0
DA:41,0
DA:42,0
DA:43,0
DA:44,0
DA:45,0
DA:46,0
DA:47,0
DA:48,0
DA:49,0
DA:50,0
DA:51,0
DA:52,0
DA:53,0
DA:54,0
DA:55,0
DA:56,0
DA:57,0
DA:58,0
DA:63,0
DA:64,0
DA:65,0
DA:67,0
DA:68,0
DA:69,0
DA:70,0
DA:71,0
DA:72,0
DA:73,0
DA:74,0
DA:75,0
DA:76,0
DA:77,0
DA:78,0
DA:79,0
DA:82,0
DA:83,0
DA:84,0
DA:86,0
DA:87,0
DA:88,0
DA:89,0
DA:90,0
DA:91,0
DA:92,0
DA:93,0
DA:94,0
DA:95,0
DA:96,0
DA:97,0
DA:100,0
DA:101,0
DA:102,0
DA:104,0
DA:105,0
DA:106,0
DA:107,0
DA:108,0
DA:109,0
DA:110,0
DA:111,0
DA:112,0
DA:113,0
DA:114,0
DA:115,0
DA:118,0
DA:119,0
DA:120,0
DA:122,0
DA:123,0
DA:124,0
DA:125,0
DA:126,0
DA:127,0
DA:128,0
DA:129,0
DA:130,0
DA:131,0
DA:132,0
DA:133,0
DA:134,0
DA:135,0
DA:136,0
DA:137,0
DA:138,0
DA:139,0
DA:140,0
DA:141,0
DA:142,0
DA:143,0
DA:144,0
DA:145,0
DA:146,0
DA:147,0
DA:148,0
DA:149,0
DA:153,0
LF:117
LH:0
end_of_record
SF:lib/component/helper/func.dart
DA:16,1
DA:17,3
DA:21,0
DA:22,0
DA:23,0
DA:26,1
DA:30,2
DA:34,1
DA:35,1
DA:39,0
DA:43,0
DA:47,0
DA:51,0
DA:55,0
DA:59,0
DA:63,0
DA:67,0
DA:71,0
DA:75,0
DA:78,0
DA:79,0
DA:81,0
DA:82,0
DA:85,0
DA:86,0
DA:87,0
DA:88,0
DA:91,0
DA:92,0
DA:94,0
DA:95,0
DA:98,0
DA:99,0
DA:100,0
DA:101,0
DA:102,0
DA:104,0
DA:106,0
DA:108,0
DA:109,0
DA:110,0
DA:111,0
DA:112,0
DA:116,0
DA:118,0
DA:122,0
DA:123,0
DA:127,0
DA:128,0
DA:130,0
DA:133,0
DA:138,0
DA:139,0
DA:143,0
DA:144,0
DA:148,0
DA:151,0
DA:152,0
DA:153,0
DA:154,0
DA:155,0
DA:156,0
DA:158,0
DA:160,0
DA:161,0
DA:164,0
DA:165,0
DA:166,0
DA:167,0
DA:170,0
DA:171,0
DA:172,0
DA:174,0
DA:176,0
DA:177,0
DA:180,0
DA:181,0
DA:183,0
DA:184,0
DA:187,0
DA:188,0
DA:190,0
DA:191,0
DA:195,0
DA:196,0
DA:198,0
DA:199,0
DA:201,0
DA:202,0
DA:203,0
DA:204,0
DA:207,0
DA:208,0
DA:211,0
DA:212,0
DA:213,0
DA:216,0
DA:217,0
DA:218,0
DA:219,0
DA:222,0
DA:223,0
DA:224,0
DA:225,0
DA:226,0
DA:229,0
DA:230,0
DA:231,0
DA:234,0
DA:235,0
DA:238,0
DA:239,0
DA:242,0
DA:243,0
DA:244,0
DA:247,0
DA:248,0
DA:251,0
DA:252,0
DA:255,0
DA:256,0
DA:257,0
DA:260,0
DA:261,0
DA:264,0
DA:265,0
DA:266,0
DA:269,0
DA:270,0
DA:271,0
DA:274,0
DA:275,0
DA:276,0
DA:279,0
DA:280,0
DA:281,0
DA:282,0
DA:283,0
DA:284,0
DA:290,0
DA:291,0
DA:293,0
DA:294,0
DA:295,0
DA:297,0
DA:298,0
DA:299,0
DA:300,0
DA:301,0
DA:302,0
DA:303,0
DA:307,0
DA:310,0
DA:311,0
DA:317,0
DA:318,0
DA:324,0
DA:327,0
DA:328,0
DA:329,0
DA:331,0
DA:332,0
DA:335,0
DA:336,0
DA:338,0
DA:340,0
DA:343,0
DA:345,0
DA:346,0
DA:347,0
DA:351,0
DA:352,0
DA:357,0
DA:359,0
DA:361,0
DA:363,0
DA:374,0
DA:375,0
DA:382,0
DA:383,0
DA:385,0
DA:386,0
DA:388,0
DA:389,0
DA:390,0
DA:397,0
DA:398,0
DA:399,0
DA:400,0
DA:405,0
DA:410,0
DA:414,0
DA:417,0
DA:421,0
DA:422,0
DA:424,0
DA:426,0
LF:197
LH:6
end_of_record
SF:lib/component/extension/imboy_cache_manager.dart
DA:11,0
DA:16,0
DA:17,0
DA:20,0
DA:21,0
DA:22,0
DA:23,0
DA:32,0
DA:33,0
DA:38,0
DA:41,0
DA:46,0
DA:47,0
DA:48,0
DA:49,0
DA:50,0
DA:51,0
DA:52,0
DA:53,0
DA:58,0
DA:59,0
DA:60,0
DA:61,0
DA:66,0
DA:67,0
DA:68,0
DA:69,0
DA:70,0
DA:71,0
DA:72,0
DA:73,0
DA:74,0
DA:79,0
DA:86,0
DA:91,0
DA:92,0
DA:94,0
DA:96,0
DA:97,0
DA:98,0
DA:101,0
DA:103,0
DA:105,0
DA:106,0
DA:107,0
DA:110,0
DA:111,0
DA:112,0
DA:113,0
DA:120,0
DA:121,0
DA:125,0
DA:126,0
DA:127,0
DA:130,0
DA:134,0
DA:135,0
DA:140,0
DA:142,0
DA:144,0
DA:148,0
DA:149,0
DA:153,0
DA:154,0
DA:159,0
DA:160,0
DA:164,0
DA:170,0
DA:171,0
DA:172,0
DA:177,0
DA:178,0
DA:179,0
DA:180,0
DA:181,0
DA:184,0
DA:185,0
DA:186,0
DA:189,0
DA:191,0
DA:192,0
DA:198,0
DA:203,0
DA:206,0
DA:209,0
DA:210,0
DA:214,0
DA:217,0
DA:218,0
DA:225,0
DA:226,0
DA:234,0
DA:235,0
DA:238,0
DA:240,0
DA:241,0
DA:242,0
DA:243,0
DA:244,0
DA:250,0
DA:251,0
DA:252,0
DA:253,0
DA:254,0
DA:257,0
DA:258,0
DA:259,0
DA:260,0
DA:264,0
DA:265,0
LF:110
LH:0
end_of_record
SF:lib/service/assets.dart
DA:12,0
DA:13,0
DA:15,0
DA:16,0
DA:21,0
DA:22,0
DA:26,1
DA:27,1
DA:31,1
DA:32,1
DA:33,1
DA:37,1
DA:38,2
DA:41,0
DA:43,0
DA:48,1
DA:51,2
DA:52,1
DA:56,0
DA:57,0
DA:59,0
DA:60,0
DA:61,0
DA:68,0
DA:72,0
DA:78,0
DA:79,0
DA:80,0
DA:81,0
DA:82,0
DA:90,1
DA:91,1
DA:99,1
DA:103,2
DA:104,0
DA:105,0
DA:109,1
DA:112,1
DA:113,2
DA:114,2
DA:115,2
DA:116,2
DA:117,2
DA:126,1
DA:127,1
DA:128,1
DA:129,1
DA:130,1
LF:48
LH:26
end_of_record
SF:lib/component/helper/datetime.dart
DA:7,0
DA:9,0
DA:10,0
DA:11,0
DA:12,0
DA:14,0
DA:16,0
DA:17,0
DA:19,0
DA:22,0
DA:27,0
DA:28,0
DA:29,0
DA:31,0
DA:32,0
DA:33,0
DA:34,0
DA:35,0
DA:36,0
DA:37,0
DA:38,0
DA:40,0
DA:41,0
DA:46,0
DA:47,0
DA:48,0
DA:52,0
DA:53,0
DA:54,0
DA:58,0
DA:59,0
DA:60,0
DA:64,1
DA:65,1
DA:69,0
DA:70,0
DA:71,0
DA:72,0
DA:73,0
DA:74,0
DA:76,0
DA:77,0
DA:78,0
DA:83,0
DA:84,0
DA:85,0
DA:91,1
DA:92,2
DA:98,1
DA:99,1
DA:108,1
DA:110,0
DA:113,1
DA:114,0
DA:115,1
DA:117,0
DA:119,0
DA:121,0
DA:124,0
DA:131,0
DA:133,0
DA:136,0
LF:62
LH:9
end_of_record
SF:lib/component/helper/ntp.dart
DA:42,0
DA:45,1
DA:46,3
DA:52,0
DA:53,0
DA:54,0
DA:58,0
DA:59,0
DA:63,0
DA:64,0
DA:69,0
DA:72,0
DA:74,0
DA:76,0
DA:78,0
DA:80,0
DA:86,0
DA:88,0
DA:90,0
DA:91,0
DA:94,0
DA:95,0
DA:101,0
DA:103,0
DA:104,0
DA:105,0
DA:111,0
DA:115,0
DA:116,0
DA:117,0
DA:118,0
DA:121,0
DA:125,0
DA:128,0
DA:130,0
DA:131,0
DA:134,0
LF:37
LH:2
end_of_record
SF:lib/component/ui/icon_image_provider.dart
DA:14,0
DA:22,0
DA:24,0
DA:26,0
DA:30,0
DA:32,0
DA:33,0
DA:35,0
DA:36,0
DA:37,0
DA:38,0
DA:40,0
DA:41,0
DA:42,0
DA:44,0
DA:45,0
DA:46,0
DA:47,0
DA:48,0
DA:49,0
DA:50,0
DA:53,0
DA:54,0
DA:55,0
DA:56,0
DA:59,0
DA:61,0
DA:62,0
DA:64,0
DA:65,0
DA:66,0
DA:67,0
DA:73,0
DA:74,0
DA:76,0
DA:78,0
LF:36
LH:0
end_of_record
SF:lib/component/ui/imboy_cached_image_provider.dart
DA:8,0
DA:13,0
DA:15,0
DA:18,0
DA:23,0
DA:24,0
DA:29,0
DA:33,0
DA:38,0
DA:40,0
DA:42,0
DA:43,0
DA:44,0
DA:48,0
DA:49,0
DA:50,0
DA:51,0
DA:54,0
DA:58,0
DA:60,0
DA:61,0
DA:62,0
DA:63,0
DA:64,0
DA:67,0
DA:72,0
DA:73,0
DA:76,0
DA:77,0
DA:78,0
DA:79,0
DA:80,0
DA:85,0
DA:86,0
DA:87,0
DA:89,0
DA:91,0
DA:97,0
DA:102,0
DA:106,0
DA:108,0
DA:109,0
DA:110,0
DA:113,0
DA:118,0
DA:121,0
DA:122,0
DA:124,0
DA:128,0
DA:130,0
DA:133,0
DA:136,0
DA:137,0
DA:139,0
DA:140,0
LF:55
LH:0
end_of_record
SF:lib/store/model/contact_model.dart
DA:14,0
DA:15,0
DA:22,0
DA:23,0
DA:24,0
DA:26,0
DA:27,0
DA:29,0
DA:30,0
DA:32,0
DA:33,0
DA:35,0
DA:36,0
DA:38,0
DA:42,0
DA:49,0
DA:114,0
DA:115,0
DA:119,0
DA:120,0
DA:121,0
DA:122,0
DA:123,0
DA:125,0
DA:129,0
DA:130,0
DA:131,0
DA:132,0
DA:134,0
DA:135,0
DA:136,0
DA:138,0
DA:139,0
DA:140,0
DA:143,0
DA:144,0
DA:146,0
DA:147,0
DA:148,0
DA:149,0
DA:150,0
DA:151,0
DA:153,0
DA:154,0
DA:156,0
DA:157,0
DA:158,0
DA:161,0
DA:162,0
DA:163,0
DA:167,0
DA:168,0
DA:169,0
DA:170,0
DA:171,0
DA:172,0
DA:173,0
DA:174,0
DA:175,0
DA:176,0
DA:177,0
DA:178,0
DA:179,0
DA:180,0
DA:181,0
DA:182,0
DA:183,0
DA:185,0
DA:186,0
DA:187,0
DA:190,0
DA:191,0
DA:193,0
DA:194,0
LF:74
LH:0
end_of_record
SF:lib/store/repository/contact_repo_sqlite.dart
DA:36,3
DA:56,0
DA:57,0
DA:58,0
DA:60,0
DA:63,0
DA:68,0
DA:69,0
DA:71,0
DA:72,0
DA:76,0
DA:77,0
DA:81,0
DA:82,0
DA:83,0
DA:86,0
DA:87,0
DA:88,0
DA:94,0
DA:95,0
DA:97,0
DA:98,0
DA:99,0
DA:100,0
DA:101,0
DA:102,0
DA:103,0
DA:104,0
DA:106,0
DA:107,0
DA:108,0
DA:109,0
DA:111,0
DA:112,0
DA:113,0
DA:114,0
DA:116,0
DA:119,0
DA:121,0
DA:126,0
DA:131,0
DA:132,0
DA:135,0
DA:136,0
DA:137,0
DA:145,0
DA:150,0
DA:151,0
DA:154,0
DA:155,0
DA:156,0
DA:161,0
DA:162,0
DA:165,0
DA:166,0
DA:167,0
DA:173,1
DA:178,1
DA:179,0
DA:182,0
DA:189,0
DA:191,0
DA:192,0
DA:193,0
DA:196,2
DA:198,3
DA:199,1
DA:200,3
DA:204,1
DA:205,0
DA:210,2
DA:217,0
DA:218,0
DA:220,0
DA:221,0
DA:226,0
DA:227,0
DA:229,0
DA:230,0
DA:231,0
DA:233,0
DA:234,0
DA:236,0
DA:237,0
DA:240,0
DA:241,0
DA:243,0
DA:245,0
DA:247,0
DA:248,0
DA:250,0
DA:251,0
DA:253,0
DA:254,0
DA:257,0
DA:258,0
DA:260,0
DA:261,0
DA:262,0
DA:264,0
DA:265,0
DA:266,0
DA:268,0
DA:269,0
DA:270,0
DA:273,0
DA:274,0
DA:276,0
DA:279,0
DA:280,0
DA:283,0
DA:286,0
DA:287,0
DA:296,0
DA:299,0
DA:300,0
DA:301,0
DA:302,0
DA:306,0
DA:310,0
DA:311,0
DA:312,0
DA:313,0
DA:314,0
DA:317,0
DA:318,0
DA:321,0
DA:328,0
DA:329,0
DA:331,0
DA:332,0
DA:336,0
DA:340,0
DA:342,0
DA:344,0
DA:346,0
DA:351,0
DA:352,0
DA:354,0
DA:356,0
DA:358,0
LF:141
LH:9
end_of_record
SF:lib/theme/theme_manager.dart
DA:28,0
DA:31,0
DA:32,0
DA:41,0
DA:43,0
DA:47,0
DA:48,0
DA:49,0
DA:53,0
DA:56,0
DA:57,0
DA:61,0
DA:64,0
DA:67,0
DA:70,0
DA:73,0
DA:76,0
DA:79,0
DA:82,0
DA:85,0
DA:88,0
DA:89,0
DA:93,0
DA:94,0
DA:98,0
DA:99,0
DA:103,0
DA:104,0
DA:108,0
DA:109,0
DA:113,0
DA:114,0
DA:118,0
DA:124,0
DA:133,0
DA:134,0
DA:138,0
DA:139,0
DA:143,0
DA:144,0
DA:148,0
DA:151,0
DA:154,0
DA:157,0
DA:158,0
DA:169,0
DA:170,0
DA:173,0
DA:174,0
DA:177,0
DA:181,0
DA:185,0
DA:186,0
DA:190,0
DA:191,0
DA:194,0
DA:195,0
DA:198,0
DA:199,0
DA:203,0
DA:204,0
DA:208,0
DA:209,0
DA:213,0
DA:214,0
DA:218,0
DA:219,0
DA:223,0
DA:228,0
DA:229,0
LF:70
LH:0
end_of_record
SF:lib/component/helper/locale_helper.dart
DA:14,0
DA:24,0
DA:30,0
DA:31,0
DA:33,0
DA:34,0
DA:35,0
DA:36,0
DA:39,0
DA:40,0
DA:46,0
DA:47,0
DA:50,0
DA:53,0
DA:55,0
DA:57,0
DA:59,0
DA:61,0
DA:63,0
DA:65,0
DA:67,0
DA:77,0
DA:78,0
DA:81,0
DA:84,0
DA:86,0
DA:88,0
DA:90,0
DA:92,0
DA:94,0
DA:96,0
LF:31
LH:0
end_of_record
SF:lib/component/helper/jwt.dart
DA:5,1
DA:7,1
DA:9,2
DA:15,0
DA:18,0
DA:20,0
DA:23,0
DA:24,0
DA:25,0
DA:30,0
DA:33,0
DA:36,0
DA:37,0
DA:41,0
DA:42,0
DA:47,0
DA:48,0
DA:51,0
DA:57,0
DA:60,0
DA:61,0
DA:62,0
LF:22
LH:3
end_of_record
SF:lib/config/const.dart
DA:14,0
LF:1
LH:0
end_of_record
SF:lib/component/helper/permission.dart
DA:11,0
DA:12,0
DA:15,0
DA:16,0
DA:17,0
DA:18,0
DA:20,0
DA:25,0
DA:26,0
DA:31,0
DA:32,0
DA:42,0
DA:43,0
DA:45,0
DA:46,0
DA:49,0
DA:69,0
DA:70,0
DA:74,0
DA:78,0
DA:79,0
DA:86,0
DA:88,0
DA:89,0
DA:92,0
DA:93,0
DA:96,0
DA:101,0
DA:102,0
LF:29
LH:0
end_of_record
SF:lib/component/helper/string.dart
DA:7,0
DA:8,0
DA:9,0
DA:10,0
DA:11,0
DA:16,0
DA:18,0
DA:19,0
DA:20,0
DA:21,0
DA:22,0
DA:23,0
DA:24,0
DA:25,0
DA:28,0
DA:31,0
LF:16
LH:0
end_of_record
SF:lib/component/http/http_client.dart
DA:33,0
DA:35,0
DA:42,1
DA:43,1
DA:44,0
DA:45,0
DA:50,0
DA:54,0
DA:59,0
DA:62,1
DA:63,1
DA:64,0
DA:66,0
DA:70,1
DA:71,0
DA:73,1
DA:74,0
DA:76,1
DA:77,0
DA:79,1
DA:81,2
DA:84,1
DA:87,4
DA:90,3
DA:91,1
DA:101,0
DA:102,0
DA:104,3
DA:105,1
DA:107,0
DA:108,0
DA:112,0
DA:113,0
DA:117,0
DA:118,0
DA:119,0
DA:121,0
DA:122,0
DA:123,0
DA:129,1
DA:130,4
DA:131,5
DA:135,2
DA:136,0
DA:137,0
DA:141,2
DA:143,2
DA:144,0
DA:146,0
DA:147,0
DA:149,0
DA:152,4
DA:153,1
DA:154,0
DA:156,1
DA:158,0
DA:159,0
DA:163,0
DA:164,0
DA:166,0
DA:168,0
DA:170,0
DA:172,0
DA:176,1
DA:185,1
DA:187,0
DA:188,0
DA:189,0
DA:191,0
DA:195,0
DA:203,0
DA:209,0
DA:210,0
DA:211,0
DA:213,0
DA:215,0
DA:217,0
DA:218,0
DA:225,0
DA:233,1
DA:234,3
DA:235,1
DA:239,0
DA:250,0
DA:251,0
DA:253,0
DA:256,0
DA:257,0
DA:258,0
DA:268,0
DA:269,0
DA:275,0
DA:276,0
DA:277,0
DA:281,0
DA:290,0
DA:291,0
DA:292,0
DA:293,0
DA:296,0
DA:297,0
DA:304,0
DA:310,0
DA:311,0
DA:315,0
DA:326,0
DA:327,0
DA:328,0
DA:329,0
DA:332,0
DA:333,0
DA:342,0
DA:347,0
DA:348,0
DA:352,0
DA:361,0
DA:362,0
DA:363,0
DA:364,0
DA:367,0
DA:368,0
DA:375,0
DA:380,0
DA:381,0
DA:385,0
DA:398,0
DA:399,0
LF:127
LH:29
end_of_record
SF:lib/config/env.dart
DA:16,3
DA:17,1
DA:18,1
DA:19,1
DA:20,1
DA:22,1
DA:26,2
DA:28,5
DA:31,1
DA:33,1
DA:35,0
DA:36,0
DA:44,0
DA:46,0
DA:47,0
DA:51,0
DA:55,0
DA:58,0
DA:61,4
DA:64,4
LF:20
LH:12
end_of_record
SF:lib/config/init.dart
DA:49,0
DA:57,0
DA:72,0
DA:75,0
DA:77,0
DA:82,0
DA:99,0
DA:105,0
DA:106,0
DA:107,0
DA:113,0
DA:114,0
DA:119,0
DA:120,0
DA:121,0
DA:125,0
DA:127,0
DA:128,0
DA:132,0
DA:133,0
DA:135,0
DA:139,0
DA:143,0
DA:144,0
DA:148,0
DA:149,0
DA:150,0
DA:155,0
DA:160,0
DA:168,0
DA:169,0
DA:170,0
DA:172,0
DA:174,0
DA:179,0
DA:184,0
DA:187,0
DA:190,0
DA:194,0
DA:201,0
DA:204,0
DA:207,0
DA:210,0
DA:214,0
DA:216,0
DA:217,0
DA:219,0
DA:220,0
DA:223,0
DA:227,0
DA:229,0
DA:230,0
DA:236,0
DA:240,0
DA:241,0
DA:242,0
DA:246,0
DA:247,0
DA:251,0
DA:253,0
DA:254,0
DA:255,0
DA:258,0
DA:261,0
DA:262,0
DA:265,0
DA:266,0
DA:268,0
DA:269,0
DA:272,0
DA:273,0
DA:274,0
DA:275,0
DA:277,0
DA:278,0
DA:281,0
DA:282,0
DA:283,0
DA:284,0
DA:285,0
DA:287,0
DA:290,0
DA:293,0
DA:299,0
DA:300,0
DA:304,0
DA:305,0
DA:308,0
DA:309,0
DA:314,0
DA:315,0
DA:316,0
DA:318,0
DA:319,0
DA:321,0
DA:327,0
DA:328,0
DA:329,0
DA:335,0
DA:336,0
DA:339,0
DA:340,0
DA:341,0
DA:342,0
DA:343,0
DA:347,0
DA:348,0
DA:350,0
DA:351,0
DA:352,0
DA:353,0
DA:357,0
DA:358,0
DA:359,0
DA:360,0
DA:362,0
DA:363,0
DA:366,0
DA:368,0
DA:369,0
DA:370,0
DA:375,0
DA:376,0
DA:378,0
DA:379,0
DA:380,0
DA:381,0
DA:383,0
DA:386,0
DA:388,0
DA:393,0
DA:396,0
DA:397,0
DA:398,0
DA:400,0
DA:401,0
DA:410,0
DA:415,0
DA:418,0
DA:419,0
DA:420,0
DA:423,0
DA:424,0
DA:428,0
DA:431,0
DA:434,0
DA:436,0
DA:437,0
DA:438,0
DA:443,0
DA:444,0
DA:445,0
DA:446,0
DA:447,0
DA:449,0
DA:456,0
DA:457,0
DA:458,0
DA:461,0
DA:462,0
DA:466,0
DA:468,0
DA:469,0
DA:471,0
DA:473,0
DA:475,0
DA:476,0
DA:483,0
DA:488,0
DA:489,0
DA:491,0
DA:492,0
DA:493,0
DA:494,0
DA:495,0
DA:499,0
DA:502,0
DA:503,0
DA:504,0
DA:506,0
DA:508,0
DA:511,0
DA:515,0
DA:517,0
DA:518,0
DA:520,0
DA:528,0
DA:530,0
DA:532,0
DA:533,0
DA:534,0
DA:535,0
DA:538,0
DA:543,0
DA:546,0
DA:549,0
DA:550,0
DA:555,0
DA:556,0
DA:557,0
DA:558,0
DA:561,0
DA:566,0
DA:569,0
DA:573,0
DA:574,0
DA:577,0
DA:581,0
DA:586,0
DA:587,0
DA:590,0
DA:595,0
DA:597,0
DA:601,0
DA:604,0
DA:606,0
DA:610,0
DA:612,0
DA:613,0
LF:219
LH:0
end_of_record
SF:lib/component/http/http_exceptions.dart
DA:5,2
DA:9,0
DA:11,1
DA:20,0
DA:25,0
DA:29,1
DA:33,0
DA:37,0
DA:42,0
DA:48,0
LF:10
LH:3
end_of_record
SF:lib/service/network_monitor.dart
DA:12,0
DA:13,0
DA:14,0
DA:21,0
DA:24,0
DA:31,0
DA:32,0
DA:36,0
DA:37,0
DA:40,0
DA:42,0
DA:45,0
DA:48,0
DA:52,0
DA:54,0
DA:55,0
DA:57,0
DA:61,0
DA:62,0
DA:64,0
DA:65,0
DA:66,0
DA:69,0
DA:70,0
DA:73,0
DA:74,0
DA:77,0
DA:80,0
DA:81,0
DA:86,0
DA:87,0
DA:89,0
DA:91,0
DA:93,0
DA:100,0
DA:101,0
DA:104,0
DA:106,0
DA:107,0
DA:114,0
DA:115,0
DA:117,0
DA:119,0
DA:124,0
DA:125,0
DA:127,0
DA:129,0
DA:134,0
DA:137,0
DA:138,0
DA:142,0
DA:145,0
DA:148,0
DA:150,0
DA:152,0
DA:154,0
DA:156,0
DA:158,0
DA:163,0
DA:164,0
DA:165,0
DA:166,0
LF:62
LH:0
end_of_record
SF:lib/service/encrypter.dart
DA:19,0
DA:25,0
DA:26,0
DA:27,0
DA:28,0
DA:30,0
DA:32,0
DA:33,0
DA:37,0
DA:40,0
DA:42,0
DA:44,0
DA:48,0
DA:49,0
DA:50,0
DA:51,0
DA:53,0
DA:54,0
DA:55,0
DA:59,0
DA:61,0
DA:63,0
DA:65,0
DA:69,0
DA:70,0
DA:71,0
DA:72,0
DA:73,0
DA:74,0
DA:78,0
DA:79,0
DA:80,0
DA:81,0
DA:82,0
DA:83,0
DA:88,0
DA:89,0
DA:90,0
DA:95,0
DA:96,0
DA:97,0
DA:101,0
DA:106,0
DA:107,0
DA:113,0
DA:119,0
DA:120,0
DA:121,0
DA:124,0
DA:126,0
DA:127,0
DA:128,0
DA:131,0
DA:137,0
DA:138,0
DA:139,0
DA:140,0
DA:141,0
DA:144,0
DA:146,0
DA:147,0
DA:151,0
DA:153,0
DA:159,0
DA:162,0
DA:163,0
DA:164,0
DA:167,0
DA:172,0
DA:173,0
DA:177,0
DA:178,0
DA:179,0
DA:184,0
DA:185,0
DA:187,0
DA:188,0
DA:198,0
DA:199,0
DA:200,0
DA:201,0
DA:204,0
DA:205,0
DA:206,0
DA:207,0
DA:208,0
DA:211,0
DA:212,0
DA:213,0
DA:214,0
LF:90
LH:0
end_of_record
SF:lib/store/api/user_api.dart
DA:23,0
DA:24,0
DA:32,0
DA:35,0
DA:38,0
DA:39,0
DA:40,0
DA:41,0
DA:42,0
DA:44,0
DA:45,0
DA:46,0
DA:48,0
DA:51,0
DA:55,0
DA:56,0
DA:57,0
DA:59,0
DA:63,0
DA:64,0
DA:65,0
DA:66,0
DA:67,0
DA:70,0
DA:73,0
DA:76,0
DA:77,0
DA:78,0
DA:79,0
DA:81,0
DA:85,0
DA:89,0
DA:94,0
DA:96,0
DA:99,0
DA:100,0
DA:103,0
DA:106,0
DA:111,0
DA:113,0
DA:116,0
DA:117,0
DA:120,0
DA:123,0
DA:127,0
DA:129,0
DA:131,0
DA:140,0
DA:144,0
DA:146,0
DA:148,0
DA:152,0
DA:153,0
DA:155,0
DA:157,0
DA:160,0
DA:164,0
DA:166,0
DA:169,0
DA:170,0
DA:173,0
DA:177,0
DA:178,0
DA:180,0
DA:183,0
DA:184,0
DA:185,0
DA:188,0
DA:189,0
DA:191,0
DA:195,0
DA:197,0
DA:198,0
DA:199,0
DA:200,0
DA:201,0
DA:203,0
DA:208,0
DA:209,0
DA:214,0
DA:215,0
DA:216,0
DA:217,0
DA:223,0
DA:224,0
DA:225,0
DA:226,0
LF:87
LH:0
end_of_record
SF:lib/store/repository/user_repo_local.dart
DA:17,1
DA:20,3
DA:23,2
DA:25,3
DA:27,1
DA:28,2
DA:32,0
DA:33,0
DA:34,0
DA:38,1
DA:40,1
DA:42,0
DA:44,0
DA:49,0
DA:51,0
DA:53,0
DA:55,0
DA:62,0
DA:63,0
DA:65,0
DA:69,1
DA:70,2
DA:74,0
DA:75,0
DA:85,0
DA:86,0
DA:88,0
DA:92,0
DA:95,0
DA:97,0
DA:104,0
DA:105,0
DA:106,0
DA:107,0
DA:110,0
DA:113,0
DA:114,0
DA:127,0
DA:129,0
DA:132,0
DA:135,0
DA:137,0
DA:138,0
DA:142,0
DA:143,0
DA:144,0
DA:145,0
DA:150,0
DA:152,0
DA:153,0
DA:154,0
DA:155,0
DA:156,0
DA:163,0
DA:165,0
DA:166,0
DA:167,0
DA:168,0
DA:172,0
DA:173,0
DA:174,0
DA:175,0
DA:179,0
DA:180,0
DA:184,0
DA:186,0
DA:188,0
DA:189,0
DA:191,0
DA:192,0
DA:195,0
DA:196,0
DA:197,0
DA:200,0
DA:202,0
DA:203,0
DA:205,0
DA:206,0
DA:209,0
DA:210,0
DA:213,0
DA:229,0
DA:231,0
DA:232,0
DA:233,0
DA:236,0
DA:239,0
DA:240,0
DA:241,0
DA:242,0
DA:243,0
DA:244,0
DA:246,0
DA:248,0
DA:249,0
DA:251,0
DA:255,0
DA:256,0
DA:257,0
DA:258,0
DA:259,0
DA:262,0
LF:102
LH:10
end_of_record
SF:lib/component/http/http_config.dart
DA:17,0
DA:31,0
DA:34,0
DA:35,0
DA:36,0
DA:38,0
LF:6
LH:0
end_of_record
SF:lib/component/http/http_parse.dart
DA:15,0
DA:20,0
DA:24,0
DA:28,0
DA:29,0
DA:31,0
DA:32,0
DA:34,0
DA:36,0
DA:37,0
DA:38,0
DA:43,0
DA:44,0
DA:45,0
DA:46,0
DA:47,0
DA:48,0
DA:51,0
DA:52,0
DA:55,0
DA:63,1
DA:64,1
DA:65,5
DA:66,1
DA:70,0
DA:71,0
DA:75,0
DA:77,0
DA:78,0
DA:79,0
DA:80,0
DA:81,0
DA:82,0
DA:83,0
DA:84,0
DA:85,0
DA:86,0
DA:87,0
DA:88,0
DA:89,0
DA:90,0
DA:91,0
DA:92,0
DA:93,0
DA:94,0
DA:96,0
DA:100,1
DA:101,1
DA:102,0
DA:103,0
DA:104,0
DA:105,0
DA:106,0
DA:107,0
DA:108,0
DA:109,0
DA:111,0
DA:113,0
DA:115,0
DA:116,0
DA:119,0
DA:121,0
DA:122,0
DA:125,0
DA:127,0
DA:128,0
DA:131,0
DA:133,0
DA:134,0
DA:137,0
DA:139,0
DA:140,0
DA:143,0
DA:144,0
DA:145,0
DA:149,0
DA:151,0
DA:152,0
DA:155,0
DA:157,0
DA:158,0
DA:161,0
DA:163,0
DA:164,0
DA:167,0
DA:169,0
DA:170,0
DA:174,0
DA:176,0
DA:177,0
DA:180,0
DA:181,0
DA:182,0
DA:184,0
DA:187,0
DA:190,2
LF:96
LH:7
end_of_record
SF:lib/component/http/http_response.dart
DA:15,0
DA:16,0
DA:17,0
DA:18,0
DA:21,0
DA:23,0
DA:24,0
DA:31,0
DA:32,0
DA:33,0
DA:34,0
DA:35,0
DA:36,0
DA:42,0
DA:43,0
DA:44,0
DA:47,1
DA:52,0
DA:53,1
DA:54,3
DA:55,1
LF:21
LH:4
end_of_record
SF:lib/component/http/http_transformer.dart
DA:12,0
DA:15,0
DA:16,0
DA:17,0
DA:19,0
DA:20,0
DA:22,0
DA:23,0
DA:24,0
DA:25,0
DA:31,0
DA:32,0
DA:35,0
DA:38,0
LF:14
LH:0
end_of_record
SF:lib/component/http/http_retry_interceptor.dart
DA:41,1
DA:49,0
DA:52,0
DA:53,0
DA:55,0
DA:58,0
DA:61,0
DA:63,0
DA:65,0
DA:66,0
DA:67,0
DA:71,0
DA:74,0
DA:77,0
DA:78,0
DA:81,0
DA:82,0
DA:85,0
DA:86,0
DA:87,0
DA:92,0
DA:97,0
DA:99,0
DA:100,0
DA:104,0
DA:105,0
DA:106,0
DA:107,0
DA:108,0
DA:112,0
DA:114,0
DA:115,0
DA:131,0
DA:132,0
DA:133,0
DA:137,0
DA:140,0
DA:168,1
DA:203,1
DA:206,1
DA:207,1
DA:208,1
DA:209,1
DA:210,0
DA:214,0
DA:219,0
DA:220,0
DA:222,0
DA:229,0
DA:230,0
DA:231,0
DA:232,0
LF:52
LH:7
end_of_record
SF:lib/config/error_code.dart
DA:261,0
DA:262,0
DA:266,0
DA:267,0
DA:271,0
DA:272,0
DA:276,0
DA:277,0
DA:281,0
DA:282,0
DA:286,0
DA:287,0
DA:288,0
DA:289,0
DA:290,0
DA:291,0
LF:16
LH:0
end_of_record
SF:lib/component/http/http_interceptor.dart
DA:11,0
DA:16,0
DA:17,0
DA:18,0
DA:20,0
DA:21,0
DA:22,0
DA:24,0
LF:8
LH:0
end_of_record
SF:lib/service/app_logger.dart
DA:13,0
DA:19,0
DA:20,0
DA:21,0
DA:34,0
DA:39,0
DA:40,0
DA:41,0
DA:46,0
DA:48,0
DA:52,0
DA:53,0
DA:54,0
DA:59,0
DA:60,0
DA:64,0
DA:65,0
DA:69,0
DA:70,0
DA:79,0
DA:80,0
DA:89,0
DA:91,0
DA:95,0
DA:96,0
DA:97,0
DA:98,0
DA:100,0
DA:105,0
DA:106,0
DA:107,0
DA:109,0
DA:115,0
DA:116,0
LF:34
LH:0
end_of_record
SF:lib/component/location/amap_helper.dart
DA:21,0
DA:24,0
DA:26,0
DA:27,0
DA:28,0
DA:33,0
DA:34,0
DA:35,0
DA:40,0
DA:41,0
DA:42,0
DA:43,0
DA:44,0
DA:47,0
DA:64,0
DA:65,0
DA:66,0
DA:68,0
DA:69,0
DA:73,0
DA:77,0
DA:78,0
DA:81,0
DA:86,0
DA:87,0
DA:91,0
DA:92,0
DA:114,0
DA:115,0
DA:119,0
DA:121,0
DA:125,0
DA:127,0
DA:128,0
DA:132,0
DA:133,0
DA:137,0
DA:138,0
DA:142,0
DA:143,0
DA:149,0
DA:150,0
DA:155,0
DA:161,0
DA:162,0
DA:165,0
DA:166,0
DA:168,0
DA:169,0
DA:175,0
DA:183,0
DA:184,0
DA:188,0
DA:189,0
DA:190,0
DA:192,0
DA:194,0
DA:215,0
LF:58
LH:0
end_of_record
SF:lib/component/observer/lifecycle.dart
DA:10,0
DA:16,0
DA:19,0
DA:20,0
DA:22,0
DA:24,0
DA:25,0
DA:27,0
DA:28,0
DA:30,0
LF:10
LH:0
end_of_record
SF:lib/component/ui/avatar.dart
DA:23,0
DA:33,0
DA:34,0
DA:41,0
DA:43,0
DA:44,0
DA:47,0
DA:48,0
DA:52,0
DA:57,0
DA:62,0
DA:63,0
DA:64,0
DA:68,0
DA:72,0
DA:75,0
DA:76,0
DA:77,0
DA:78,0
DA:79,0
DA:80,0
DA:85,0
DA:86,0
DA:87,0
DA:88,0
DA:89,0
DA:94,0
DA:95,0
DA:96,0
DA:97,0
DA:98,0
DA:99,0
DA:100,0
DA:101,0
DA:109,0
DA:126,0
DA:128,0
DA:129,0
DA:130,0
DA:131,0
DA:133,0
DA:134,0
DA:137,0
DA:139,0
DA:140,0
DA:144,0
DA:145,0
DA:148,0
DA:149,0
DA:150,0
DA:152,0
DA:154,0
LF:52
LH:0
end_of_record
SF:lib/component/ui/avatar_group.dart
DA:8,0
DA:33,0
DA:35,0
DA:36,0
DA:38,0
DA:40,0
DA:41,0
DA:44,0
DA:45,0
DA:46,0
DA:51,0
DA:52,0
DA:53,0
DA:54,0
DA:55,0
DA:57,0
DA:58,0
DA:62,0
DA:63,0
DA:64,0
DA:67,0
DA:68,0
DA:70,0
DA:71,0
DA:73,0
DA:74,0
DA:77,0
DA:80,0
DA:82,0
DA:83,0
DA:84,0
DA:85,0
DA:86,0
DA:87,0
DA:88,0
DA:89,0
DA:90,0
DA:91,0
DA:94,0
DA:95,0
DA:101,0
DA:102,0
DA:103,0
DA:104,0
DA:105,0
DA:107,0
DA:108,0
DA:109,0
DA:114,0
DA:115,0
DA:117,0
DA:118,0
DA:123,0
DA:124,0
DA:125,0
DA:127,0
DA:128,0
DA:129,0
DA:130,0
DA:134,0
DA:135,0
DA:136,0
DA:137,0
DA:138,0
DA:139,0
DA:144,0
DA:145,0
DA:147,0
DA:148,0
DA:149,0
DA:150,0
DA:151,0
DA:153,0
DA:155,0
DA:156,0
DA:157,0
DA:158,0
DA:159,0
DA:160,0
DA:161,0
DA:167,0
DA:169,0
DA:170,0
DA:171,0
DA:172,0
DA:173,0
DA:174,0
DA:175,0
DA:176,0
DA:183,0
DA:184,0
DA:187,0
DA:188,0
DA:189,0
DA:190,0
DA:191,0
DA:192,0
DA:193,0
DA:197,0
DA:198,0
DA:199,0
DA:200,0
DA:202,0
DA:203,0
DA:213,0
DA:214,0
DA:217,0
DA:218,0
DA:222,0
DA:223,0
DA:224,0
DA:228,0
DA:233,0
DA:234,0
DA:235,0
DA:236,0
DA:237,0
DA:238,0
DA:239,0
DA:242,0
DA:243,0
DA:248,0
DA:249,0
DA:250,0
DA:251,0
DA:252,0
DA:254,0
DA:255,0
DA:259,0
DA:260,0
DA:261,0
LF:131
LH:0
end_of_record
SF:lib/component/webrtc/dragable.dart
DA:6,0
DA:8,0
DA:10,0
DA:18,0
DA:20,0
DA:22,0
DA:24,0
DA:25,0
DA:28,0
DA:29,0
DA:30,0
DA:32,0
DA:34,0
DA:36,0
DA:39,0
DA:41,0
DA:44,0
DA:45,0
DA:46,0
DA:47,0
DA:48,0
DA:49,0
DA:51,0
DA:52,0
DA:53,0
DA:54,0
LF:26
LH:0
end_of_record
SF:lib/component/webrtc/func.dart
DA:21,0
DA:29,0
DA:30,0
DA:34,0
DA:35,0
DA:36,0
DA:37,0
DA:38,0
DA:39,0
DA:40,0
DA:43,0
DA:44,0
DA:45,0
DA:54,0
DA:55,0
DA:56,0
DA:57,0
DA:61,0
DA:70,0
DA:72,0
DA:73,0
DA:75,0
DA:76,0
DA:82,0
DA:83,0
DA:85,0
DA:86,0
DA:88,0
DA:93,0
DA:98,0
DA:100,0
DA:101,0
DA:103,0
DA:106,0
DA:107,0
DA:110,0
DA:111,0
DA:112,0
DA:113,0
DA:116,0
DA:117,0
DA:124,0
DA:126,0
DA:128,0
DA:131,0
DA:133,0
DA:134,0
DA:142,0
DA:144,0
DA:145,0
DA:146,0
DA:148,0
DA:149,0
DA:161,0
DA:164,0
DA:165,0
DA:167,0
DA:168,0
DA:170,0
DA:172,0
DA:173,0
DA:176,0
DA:179,0
DA:182,0
DA:183,0
DA:185,0
DA:187,0
DA:188,0
DA:190,0
DA:191,0
DA:199,0
DA:200,0
DA:201,0
DA:213,0
DA:223,0
DA:224,0
DA:225,0
DA:227,0
DA:228,0
DA:233,0
DA:234,0
DA:242,0
LF:82
LH:0
end_of_record
SF:lib/component/webrtc/session.dart
DA:5,0
LF:1
LH:0
end_of_record
SF:lib/page/chat/p2p_call_screen/p2p_call_screen_page.dart
DA:32,0
DA:41,0
DA:42,0
DA:54,0
DA:56,0
DA:57,0
DA:58,0
DA:61,0
DA:63,0
DA:64,0
DA:65,0
DA:66,0
DA:67,0
DA:68,0
DA:69,0
DA:72,0
DA:74,0
DA:75,0
DA:76,0
DA:78,0
DA:79,0
DA:80,0
DA:83,0
DA:87,0
DA:88,0
DA:89,0
DA:91,0
DA:92,0
DA:94,0
DA:97,0
DA:98,0
DA:101,0
DA:102,0
DA:103,0
DA:105,0
DA:107,0
DA:108,0
DA:109,0
DA:111,0
DA:112,0
DA:113,0
DA:115,0
DA:116,0
DA:120,0
DA:121,0
DA:122,0
DA:125,0
DA:126,0
DA:127,0
DA:128,0
DA:129,0
DA:130,0
DA:131,0
DA:133,0
DA:134,0
DA:139,0
DA:140,0
DA:141,0
DA:143,0
DA:144,0
DA:147,0
DA:148,0
DA:153,0
DA:154,0
DA:155,0
DA:156,0
DA:157,0
DA:162,0
DA:163,0
DA:164,0
DA:165,0
DA:166,0
DA:171,0
DA:172,0
DA:173,0
DA:174,0
DA:175,0
DA:181,0
DA:182,0
DA:183,0
DA:184,0
DA:189,0
DA:192,0
DA:194,0
DA:199,0
DA:200,0
DA:201,0
DA:202,0
DA:203,0
DA:204,0
DA:206,0
DA:207,0
DA:208,0
DA:209,0
DA:212,0
DA:214,0
DA:215,0
DA:217,0
DA:218,0
DA:219,0
DA:225,0
DA:226,0
DA:227,0
DA:228,0
DA:229,0
DA:230,0
DA:231,0
DA:233,0
DA:235,0
DA:236,0
DA:240,0
DA:241,0
DA:242,0
DA:243,0
DA:244,0
DA:245,0
DA:246,0
DA:247,0
DA:249,0
DA:250,0
DA:260,0
DA:261,0
DA:262,0
DA:263,0
DA:266,0
DA:267,0
DA:268,0
DA:270,0
DA:271,0
DA:273,0
DA:274,0
DA:275,0
DA:276,0
DA:278,0
DA:281,0
DA:285,0
DA:286,0
DA:288,0
DA:289,0
DA:290,0
DA:291,0
DA:292,0
DA:298,0
DA:300,0
DA:301,0
DA:302,0
DA:303,0
DA:304,0
DA:305,0
DA:310,0
DA:314,0
DA:315,0
DA:317,0
DA:322,0
DA:323,0
DA:325,0
DA:327,0
DA:328,0
DA:329,0
DA:330,0
DA:331,0
DA:343,0
DA:344,0
DA:345,0
DA:346,0
DA:347,0
DA:348,0
DA:349,0
DA:350,0
DA:351,0
DA:352,0
DA:355,0
DA:357,0
DA:358,0
DA:359,0
DA:360,0
DA:362,0
DA:364,0
DA:365,0
DA:367,0
DA:368,0
DA:377,0
DA:378,0
DA:379,0
DA:380,0
DA:383,0
DA:393,0
DA:394,0
DA:397,0
DA:399,0
DA:400,0
DA:401,0
DA:402,0
DA:403,0
DA:404,0
DA:405,0
DA:413,0
DA:414,0
DA:415,0
DA:419,0
DA:420,0
DA:421,0
DA:422,0
DA:423,0
DA:424,0
DA:425,0
DA:426,0
DA:429,0
DA:432,0
DA:434,0
DA:436,0
DA:437,0
DA:445,0
DA:446,0
DA:448,0
DA:450,0
DA:451,0
DA:452,0
DA:454,0
DA:457,0
DA:460,0
DA:462,0
DA:463,0
DA:465,0
DA:466,0
DA:467,0
DA:468,0
DA:469,0
DA:470,0
DA:471,0
DA:472,0
DA:473,0
DA:474,0
DA:476,0
DA:477,0
DA:482,0
DA:483,0
DA:484,0
DA:485,0
LF:239
LH:0
end_of_record
SF:lib/service/message.dart
DA:112,0
DA:113,0
DA:118,0
DA:121,0
DA:122,0
DA:126,0
DA:127,0
DA:133,0
DA:136,0
DA:137,0
DA:140,0
DA:141,0
DA:148,0
DA:149,0
DA:160,0
DA:163,0
DA:172,0
DA:174,0
DA:177,0
DA:179,0
DA:183,0
DA:184,0
DA:185,0
DA:190,0
DA:191,0
DA:192,0
DA:198,0
DA:199,0
DA:200,0
DA:201,0
DA:205,0
DA:206,0
DA:207,0
DA:208,0
DA:209,0
DA:210,0
DA:212,0
DA:213,0
DA:224,0
DA:228,0
DA:229,0
DA:231,0
DA:232,0
DA:234,0
DA:235,0
DA:239,0
DA:240,0
DA:246,0
DA:247,0
DA:248,0
DA:252,0
DA:257,0
DA:258,0
DA:259,0
DA:262,0
DA:266,0
DA:267,0
DA:271,0
DA:272,0
DA:273,0
DA:280,0
DA:281,0
DA:286,0
DA:287,0
DA:288,0
DA:289,0
DA:290,0
DA:293,0
DA:296,0
DA:297,0
DA:298,0
DA:299,0
DA:300,0
DA:302,0
DA:303,0
DA:305,0
DA:308,0
DA:309,0
DA:310,0
DA:311,0
DA:313,0
DA:314,0
DA:317,0
DA:383,0
DA:384,0
DA:385,0
DA:386,0
DA:387,0
DA:393,0
DA:397,0
DA:398,0
DA:400,0
DA:401,0
DA:404,0
DA:407,0
DA:409,0
DA:410,0
DA:417,0
DA:421,0
DA:422,0
DA:423,0
DA:424,0
DA:426,0
DA:427,0
DA:428,0
DA:432,0
DA:434,0
DA:435,0
DA:440,0
DA:451,0
DA:452,0
DA:453,0
DA:455,0
DA:456,0
DA:457,0
DA:460,0
DA:466,0
DA:468,0
DA:469,0
DA:470,0
DA:472,0
DA:473,0
DA:474,0
DA:479,0
DA:480,0
DA:481,0
DA:482,0
DA:487,0
DA:491,0
DA:493,0
DA:499,0
DA:500,0
DA:506,0
DA:507,0
DA:508,0
DA:509,0
DA:510,0
DA:517,0
DA:522,0
DA:523,0
DA:527,0
DA:529,0
DA:530,0
DA:531,0
DA:532,0
DA:536,0
DA:538,0
DA:539,0
DA:544,0
DA:545,0
DA:548,0
DA:549,0
DA:550,0
DA:555,0
DA:558,0
DA:562,0
DA:565,0
DA:570,0
DA:577,0
DA:581,0
DA:582,0
DA:584,0
DA:586,0
DA:587,0
DA:590,0
DA:605,0
DA:626,0
DA:627,0
DA:629,0
DA:630,0
DA:631,0
DA:632,0
DA:636,0
DA:637,0
DA:640,0
DA:641,0
DA:646,0
DA:647,0
DA:648,0
DA:652,0
DA:653,0
DA:654,0
DA:655,0
DA:664,0
DA:665,0
DA:670,0
DA:671,0
DA:676,0
DA:677,0
DA:694,0
DA:695,0
DA:696,0
DA:697,0
DA:698,0
DA:701,0
DA:702,0
DA:703,0
DA:707,0
DA:711,0
DA:713,0
DA:714,0
DA:718,0
DA:719,0
DA:722,0
DA:723,0
DA:724,0
DA:730,0
DA:733,0
DA:734,0
DA:735,0
DA:736,0
DA:754,0
DA:761,0
DA:762,0
DA:767,0
DA:768,0
DA:769,0
DA:772,0
DA:773,0
DA:777,0
DA:778,0
DA:779,0
DA:780,0
DA:781,0
DA:783,0
DA:785,0
DA:786,0
DA:789,0
DA:793,0
DA:797,0
DA:798,0
DA:800,0
DA:801,0
DA:802,0
DA:803,0
DA:806,0
DA:811,0
DA:812,0
DA:818,0
DA:820,0
DA:825,0
DA:826,0
DA:827,0
DA:829,0
DA:831,0
DA:832,0
DA:836,0
DA:842,0
DA:849,0
DA:853,0
DA:856,0
DA:857,0
DA:862,0
DA:867,0
DA:869,0
DA:871,0
DA:874,0
DA:876,0
DA:882,0
DA:883,0
DA:892,0
DA:895,0
DA:896,0
DA:900,0
DA:901,0
DA:904,0
DA:905,0
DA:908,0
DA:909,0
DA:913,0
DA:918,0
DA:919,0
DA:923,0
DA:924,0
DA:925,0
DA:926,0
DA:931,0
DA:932,0
DA:934,0
DA:935,0
DA:936,0
DA:937,0
DA:940,0
DA:945,0
DA:947,0
DA:948,0
DA:949,0
DA:951,0
DA:952,0
DA:953,0
DA:959,0
DA:960,0
DA:961,0
DA:964,0
DA:968,0
DA:969,0
DA:975,0
DA:977,0
DA:978,0
DA:982,0
DA:985,0
DA:988,0
DA:993,0
DA:1000,0
DA:1003,0
DA:1005,0
DA:1012,0
DA:1013,0
DA:1017,0
DA:1018,0
DA:1019,0
DA:1021,0
DA:1036,0
DA:1039,0
DA:1041,0
DA:1043,0
DA:1047,0
DA:1049,0
DA:1050,0
DA:1052,0
DA:1056,0
DA:1058,0
DA:1059,0
DA:1061,0
DA:1063,0
DA:1065,0
DA:1067,0
DA:1069,0
DA:1075,0
DA:1076,0
DA:1088,0
DA:1093,0
DA:1102,0
DA:1108,0
DA:1112,0
DA:1113,0
DA:1117,0
DA:1121,0
DA:1125,0
DA:1126,0
DA:1130,0
DA:1153,0
DA:1160,0
DA:1163,0
DA:1164,0
DA:1165,0
DA:1166,0
DA:1176,0
DA:1179,0
DA:1180,0
DA:1182,0
DA:1183,0
DA:1184,0
DA:1187,0
DA:1189,0
DA:1190,0
DA:1194,0
DA:1195,0
DA:1196,0
DA:1207,0
DA:1213,0
DA:1214,0
DA:1215,0
DA:1218,0
DA:1221,0
DA:1222,0
DA:1224,0
DA:1225,0
DA:1227,0
DA:1228,0
DA:1230,0
DA:1231,0
DA:1234,0
DA:1235,0
DA:1239,0
DA:1240,0
DA:1246,0
DA:1252,0
DA:1253,0
DA:1254,0
DA:1255,0
DA:1260,0
DA:1261,0
DA:1262,0
DA:1266,0
DA:1267,0
DA:1268,0
DA:1269,0
DA:1273,0
DA:1274,0
DA:1275,0
DA:1276,0
DA:1280,0
DA:1281,0
DA:1282,0
DA:1283,0
DA:1287,0
DA:1288,0
DA:1289,0
DA:1290,0
DA:1294,0
DA:1295,0
DA:1296,0
DA:1297,0
DA:1301,0
DA:1302,0
DA:1303,0
DA:1323,0
DA:1329,0
DA:1330,0
DA:1332,0
DA:1333,0
DA:1335,0
DA:1336,0
DA:1338,0
DA:1339,0
DA:1341,0
DA:1342,0
DA:1344,0
DA:1345,0
DA:1347,0
DA:1348,0
DA:1350,0
DA:1351,0
DA:1354,0
LF:425
LH:0
end_of_record
SF:lib/service/event_subscription_manager.dart
DA:104,0
DA:107,0
DA:122,0
DA:123,0
DA:147,0
DA:148,0
DA:151,0
DA:156,0
DA:167,0
DA:172,0
LF:10
LH:0
end_of_record
SF:lib/config/env_pro.dart
DA:41,0
LF:1
LH:0
end_of_record
SF:lib/config/env_dev.dart
DA:41,0
LF:1
LH:0
end_of_record
SF:lib/service/migration_service.dart
DA:17,0
DA:24,0
DA:35,0
DA:43,0
DA:44,0
DA:51,0
DA:57,0
DA:75,0
DA:84,0
DA:86,0
DA:95,0
DA:96,0
DA:100,0
DA:101,0
DA:102,0
DA:106,0
DA:107,0
DA:108,0
DA:112,0
DA:115,0
DA:116,0
DA:118,0
DA:119,0
DA:120,0
DA:121,0
DA:123,0
DA:133,0
DA:134,0
DA:138,0
DA:139,0
DA:141,0
DA:143,0
DA:144,0
DA:145,0
DA:152,0
DA:159,0
DA:170,0
DA:180,0
DA:183,0
DA:186,0
DA:187,0
DA:192,0
DA:193,0
DA:195,0
DA:196,0
DA:197,0
DA:203,0
DA:206,0
DA:207,0
DA:208,0
DA:209,0
DA:212,0
DA:213,0
DA:215,0
DA:216,0
DA:220,0
DA:221,0
DA:222,0
DA:228,0
DA:230,0
DA:232,0
DA:237,0
DA:243,0
DA:244,0
DA:246,0
DA:250,0
DA:251,0
DA:260,0
DA:263,0
DA:264,0
DA:265,0
DA:266,0
DA:272,0
DA:273,0
DA:274,0
DA:280,0
DA:286,0
DA:290,0
DA:291,0
DA:293,0
DA:294,0
DA:299,0
DA:300,0
DA:303,0
DA:305,0
DA:306,0
DA:307,0
DA:310,0
DA:316,0
DA:317,0
DA:318,0
DA:319,0
DA:324,0
DA:325,0
DA:331,0
DA:332,0
DA:333,0
DA:335,0
DA:336,0
DA:339,0
DA:340,0
DA:342,0
DA:344,0
DA:348,0
DA:349,0
DA:350,0
DA:354,0
DA:355,0
DA:359,0
DA:371,0
DA:376,0
DA:379,0
DA:381,0
DA:382,0
DA:387,0
DA:388,0
DA:396,0
DA:397,0
DA:398,0
DA:399,0
DA:400,0
DA:402,0
DA:403,0
DA:405,0
DA:406,0
DA:412,0
DA:413,0
DA:415,0
DA:417,0
DA:424,0
DA:426,0
DA:428,0
DA:433,0
DA:436,0
DA:437,0
DA:439,0
DA:442,0
DA:444,0
DA:445,0
DA:446,0
DA:447,0
DA:448,0
DA:449,0
LF:143
LH:0
end_of_record
SF:lib/service/websocket_message_queue.dart
DA:13,0
DA:18,0
DA:21,0
DA:22,0
DA:23,0
DA:24,0
DA:25,0
DA:29,0
DA:30,0
DA:31,0
DA:32,0
DA:33,0
DA:34,0
DA:38,0
DA:39,0
DA:65,0
DA:66,0
DA:67,0
DA:85,0
DA:86,0
DA:87,0
DA:88,0
DA:90,0
DA:91,0
DA:92,0
DA:93,0
DA:95,0
DA:102,0
DA:103,0
DA:104,0
DA:105,0
DA:107,0
DA:111,0
DA:112,0
DA:116,0
DA:117,0
DA:118,0
DA:119,0
DA:128,0
DA:130,0
DA:131,0
DA:136,0
DA:137,0
DA:140,0
DA:142,0
DA:143,0
DA:144,0
DA:146,0
DA:152,0
DA:153,0
DA:154,0
DA:160,0
DA:162,0
DA:163,0
DA:164,0
DA:165,0
DA:166,0
DA:167,0
DA:168,0
DA:176,0
DA:177,0
DA:178,0
DA:184,0
DA:185,0
DA:186,0
DA:187,0
DA:188,0
DA:190,0
DA:191,0
DA:192,0
DA:194,0
DA:195,0
DA:196,0
DA:197,0
DA:199,0
DA:201,0
DA:202,0
DA:203,0
DA:209,0
DA:212,0
DA:213,0
DA:214,0
DA:216,0
DA:217,0
DA:218,0
DA:222,0
DA:223,0
DA:226,0
DA:228,0
DA:229,0
DA:230,0
DA:231,0
DA:232,0
DA:239,0
DA:240,0
DA:241,0
DA:242,0
DA:243,0
DA:246,0
LF:99
LH:0
end_of_record
SF:lib/service/message_actions.dart
DA:27,0
DA:28,0
DA:33,0
DA:36,0
DA:56,0
DA:57,0
DA:58,0
DA:63,0
DA:64,0
DA:66,0
DA:67,0
DA:69,0
DA:70,0
DA:72,0
DA:73,0
DA:75,0
DA:76,0
DA:78,0
DA:79,0
DA:82,0
DA:85,0
DA:86,0
DA:91,0
DA:93,0
DA:94,0
DA:95,0
DA:96,0
DA:97,0
DA:99,0
DA:101,0
DA:102,0
DA:103,0
DA:104,0
DA:105,0
DA:107,0
DA:111,0
DA:112,0
DA:113,0
DA:115,0
DA:116,0
DA:123,0
DA:124,0
DA:127,0
DA:130,0
DA:131,0
DA:135,0
DA:137,0
DA:141,0
DA:143,0
DA:144,0
DA:145,0
DA:147,0
DA:148,0
DA:149,0
DA:151,0
DA:153,0
DA:155,0
DA:159,0
DA:160,0
DA:163,0
DA:167,0
DA:168,0
DA:169,0
DA:170,0
DA:171,0
DA:172,0
DA:173,0
DA:174,0
DA:175,0
DA:177,0
DA:178,0
DA:179,0
DA:180,0
DA:182,0
DA:185,0
DA:186,0
DA:188,0
DA:191,0
DA:192,0
DA:194,0
DA:197,0
DA:199,0
DA:203,0
DA:205,0
DA:211,0
DA:212,0
DA:213,0
DA:214,0
DA:215,0
DA:217,0
DA:218,0
DA:223,0
DA:226,0
DA:232,0
DA:233,0
DA:234,0
DA:237,0
DA:238,0
DA:239,0
DA:240,0
DA:246,0
DA:250,0
DA:251,0
DA:254,0
DA:259,0
DA:263,0
DA:271,0
DA:273,0
DA:274,0
DA:276,0
DA:280,0
DA:284,0
DA:289,0
DA:290,0
DA:291,0
DA:292,0
DA:295,0
DA:296,0
DA:301,0
DA:302,0
DA:305,0
DA:310,0
DA:313,0
DA:314,0
DA:322,0
DA:324,0
DA:328,0
DA:329,0
DA:330,0
DA:331,0
DA:332,0
DA:339,0
DA:340,0
DA:341,0
DA:342,0
DA:343,0
DA:344,0
DA:346,0
DA:347,0
DA:352,0
DA:355,0
DA:361,0
DA:366,0
DA:367,0
DA:368,0
DA:371,0
DA:372,0
DA:373,0
DA:374,0
DA:380,0
DA:384,0
DA:385,0
DA:388,0
DA:393,0
DA:397,0
DA:398,0
DA:399,0
DA:400,0
DA:401,0
DA:403,0
DA:405,0
DA:409,0
DA:411,0
DA:412,0
DA:413,0
DA:417,0
DA:421,0
DA:426,0
DA:431,0
DA:432,0
DA:433,0
DA:436,0
DA:437,0
DA:442,0
DA:443,0
DA:446,0
DA:451,0
DA:454,0
DA:455,0
DA:463,0
DA:466,0
DA:470,0
DA:471,0
DA:472,0
DA:473,0
DA:474,0
DA:481,0
DA:488,0
DA:491,0
DA:492,0
DA:493,0
DA:494,0
DA:495,0
DA:497,0
DA:500,0
DA:501,0
DA:503,0
DA:506,0
DA:509,0
DA:511,0
DA:513,0
DA:514,0
DA:517,0
DA:520,0
DA:522,0
DA:525,0
DA:531,0
DA:536,0
DA:537,0
DA:542,0
DA:543,0
DA:544,0
DA:545,0
DA:546,0
DA:547,0
DA:549,0
DA:552,0
DA:553,0
DA:558,0
DA:560,0
DA:565,0
DA:566,0
DA:567,0
DA:571,0
DA:572,0
DA:575,0
DA:580,0
DA:583,0
DA:585,0
DA:586,0
DA:589,0
DA:592,0
DA:599,0
DA:606,0
DA:609,0
DA:612,0
DA:618,0
DA:620,0
DA:626,0
DA:628,0
DA:629,0
DA:634,0
DA:635,0
DA:636,0
DA:637,0
DA:638,0
DA:639,0
DA:641,0
DA:644,0
DA:645,0
DA:650,0
DA:652,0
DA:657,0
DA:658,0
DA:659,0
DA:664,0
DA:665,0
DA:666,0
DA:669,0
DA:672,0
DA:674,0
DA:675,0
DA:678,0
DA:681,0
DA:687,0
DA:689,0
DA:690,0
DA:693,0
DA:698,0
DA:699,0
DA:703,0
DA:705,0
DA:706,0
DA:709,0
DA:714,0
DA:717,0
DA:720,0
DA:721,0
DA:726,0
DA:727,0
DA:728,0
DA:729,0
DA:735,0
DA:742,0
DA:748,0
DA:749,0
DA:752,0
DA:757,0
DA:758,0
DA:762,0
DA:764,0
DA:765,0
DA:768,0
DA:773,0
DA:776,0
DA:779,0
DA:782,0
DA:783,0
DA:784,0
DA:785,0
DA:791,0
DA:798,0
DA:801,0
DA:802,0
DA:803,0
DA:808,0
DA:811,0
DA:819,0
DA:820,0
DA:825,0
DA:826,0
DA:827,0
DA:830,0
DA:831,0
DA:832,0
DA:838,0
DA:839,0
DA:845,0
DA:852,0
DA:855,0
DA:856,0
DA:857,0
DA:862,0
DA:865,0
DA:866,0
DA:871,0
DA:872,0
DA:873,0
DA:876,0
DA:877,0
DA:878,0
DA:884,0
DA:885,0
DA:890,0
DA:891,0
DA:897,0
DA:918,0
DA:927,0
DA:928,0
DA:929,0
DA:932,0
DA:941,0
DA:942,0
DA:944,0
DA:948,0
DA:949,0
DA:955,0
DA:956,0
DA:958,0
DA:961,0
DA:964,0
DA:966,0
DA:968,0
DA:969,0
DA:972,0
DA:974,0
DA:977,0
DA:985,0
DA:991,0
DA:992,0
DA:995,0
DA:996,0
DA:997,0
DA:998,0
DA:1000,0
DA:1001,0
DA:1008,0
DA:1010,0
DA:1011,0
DA:1013,0
DA:1017,0
DA:1025,0
DA:1031,0
DA:1032,0
DA:1033,0
DA:1034,0
DA:1036,0
DA:1037,0
DA:1044,0
DA:1046,0
DA:1047,0
DA:1049,0
DA:1053,0
DA:1065,0
DA:1071,0
DA:1072,0
DA:1076,0
DA:1077,0
DA:1079,0
DA:1081,0
DA:1086,0
DA:1089,0
DA:1090,0
DA:1097,0
DA:1099,0
DA:1104,0
DA:1105,0
DA:1111,0
DA:1113,0
DA:1117,0
LF:400
LH:0
end_of_record
SF:lib/service/message_offline.dart
DA:21,0
DA:22,0
DA:27,0
DA:30,0
DA:31,0
DA:39,0
DA:41,0
DA:42,0
DA:44,0
DA:46,0
DA:47,0
DA:49,0
DA:56,0
DA:57,0
DA:61,0
DA:63,0
DA:69,0
DA:70,0
DA:71,0
DA:74,0
DA:76,0
DA:77,0
DA:78,0
DA:83,0
DA:84,0
DA:85,0
DA:89,0
DA:90,0
DA:91,0
DA:92,0
DA:93,0
DA:94,0
DA:95,0
DA:97,0
DA:101,0
DA:105,0
DA:106,0
DA:107,0
DA:108,0
DA:109,0
DA:110,0
DA:111,0
DA:113,0
DA:117,0
DA:121,0
DA:122,0
DA:123,0
DA:124,0
DA:125,0
DA:126,0
DA:127,0
DA:129,0
DA:133,0
DA:139,0
DA:141,0
DA:145,0
DA:153,0
DA:154,0
DA:160,0
DA:164,0
DA:165,0
DA:166,0
DA:170,0
DA:175,0
DA:176,0
DA:177,0
DA:179,0
DA:180,0
DA:181,0
DA:187,0
DA:188,0
DA:189,0
DA:191,0
DA:193,0
DA:197,0
DA:199,0
DA:201,0
DA:203,0
DA:209,0
DA:211,0
DA:213,0
DA:215,0
DA:216,0
DA:221,0
LF:84
LH:0
end_of_record
SF:lib/service/message_retry.dart
DA:19,0
DA:20,0
DA:25,0
DA:28,0
DA:29,0
DA:45,0
DA:48,0
DA:50,0
DA:54,0
DA:55,0
DA:56,0
DA:57,0
DA:60,0
DA:67,0
DA:68,0
DA:69,0
DA:70,0
DA:71,0
DA:77,0
DA:82,0
DA:83,0
DA:84,0
DA:85,0
DA:86,0
DA:93,0
DA:94,0
DA:97,0
DA:102,0
DA:103,0
DA:104,0
DA:110,0
DA:111,0
DA:115,0
DA:117,0
DA:120,0
DA:126,0
DA:131,0
DA:133,0
DA:135,0
DA:137,0
DA:140,0
DA:141,0
DA:142,0
DA:143,0
DA:144,0
DA:145,0
DA:147,0
DA:148,0
DA:151,0
DA:153,0
DA:154,0
DA:155,0
DA:156,0
DA:162,0
DA:166,0
DA:167,0
DA:171,0
DA:172,0
DA:173,0
DA:176,0
DA:182,0
DA:183,0
DA:187,0
DA:189,0
DA:194,0
DA:195,0
DA:196,0
DA:202,0
DA:203,0
DA:205,0
DA:208,0
DA:211,0
DA:212,0
DA:214,0
DA:216,0
DA:217,0
DA:223,0
DA:224,0
DA:229,0
DA:230,0
DA:234,0
DA:238,0
DA:240,0
DA:241,0
DA:245,0
DA:249,0
DA:250,0
DA:254,0
DA:255,0
DA:261,0
DA:264,0
DA:265,0
DA:268,0
DA:269,0
DA:274,0
DA:275,0
DA:276,0
DA:280,0
DA:281,0
DA:285,0
DA:286,0
DA:291,0
DA:292,0
DA:293,0
DA:294,0
DA:295,0
DA:296,0
DA:297,0
DA:301,0
DA:302,0
DA:303,0
DA:304,0
DA:309,0
DA:310,0
DA:313,0
DA:315,0
DA:316,0
DA:319,0
DA:320,0
DA:321,0
DA:327,0
DA:329,0
DA:330,0
DA:332,0
DA:337,0
DA:338,0
DA:339,0
DA:340,0
DA:341,0
DA:344,0
DA:349,0
DA:355,0
DA:356,0
DA:357,0
DA:358,0
DA:359,0
DA:360,0
DA:361,0
DA:365,0
DA:366,0
DA:367,0
DA:373,0
DA:374,0
DA:377,0
DA:379,0
DA:380,0
DA:385,0
DA:399,0
LF:148
LH:0
end_of_record
SF:lib/service/message_webrtc.dart
DA:53,0
DA:54,0
DA:59,0
DA:62,0
DA:81,0
DA:82,0
DA:83,0
DA:84,0
DA:87,0
DA:88,0
DA:89,0
DA:90,0
DA:91,0
DA:92,0
DA:94,0
DA:95,0
DA:96,0
DA:97,0
DA:98,0
DA:100,0
DA:104,0
DA:105,0
DA:106,0
DA:107,0
DA:108,0
DA:109,0
DA:111,0
DA:114,0
DA:115,0
DA:117,0
DA:119,0
DA:120,0
DA:122,0
DA:126,0
DA:137,0
DA:143,0
DA:144,0
DA:145,0
DA:149,0
DA:150,0
DA:151,0
DA:152,0
DA:155,0
DA:156,0
DA:157,0
DA:158,0
DA:161,0
DA:162,0
DA:163,0
DA:164,0
DA:169,0
DA:170,0
DA:171,0
DA:181,0
DA:182,0
DA:183,0
DA:184,0
DA:185,0
DA:192,0
DA:194,0
DA:197,0
DA:203,0
DA:209,0
DA:210,0
DA:212,0
DA:214,0
DA:215,0
DA:216,0
DA:218,0
DA:219,0
DA:220,0
DA:222,0
DA:224,0
DA:228,0
DA:229,0
DA:230,0
DA:232,0
DA:233,0
DA:234,0
LF:79
LH:0
end_of_record
SF:lib/service/websocket.dart
DA:30,0
DA:31,0
DA:35,0
DA:57,0
DA:59,0
DA:60,0
DA:64,0
DA:67,0
DA:68,0
DA:72,0
DA:73,0
DA:78,0
DA:79,0
DA:83,0
DA:84,0
DA:85,0
DA:89,0
DA:90,0
DA:91,0
DA:93,0
DA:94,0
DA:95,0
DA:102,0
DA:103,0
DA:107,0
DA:108,0
DA:109,0
DA:110,0
DA:113,0
DA:116,0
DA:118,0
DA:120,0
DA:124,0
DA:129,0
DA:130,0
DA:131,0
DA:136,0
DA:137,0
DA:141,0
DA:142,0
DA:146,0
DA:147,0
DA:148,0
DA:152,0
DA:153,0
DA:154,0
DA:159,0
DA:160,0
DA:161,0
DA:166,0
DA:167,0
DA:168,0
DA:169,0
DA:173,0
DA:174,0
DA:178,0
DA:179,0
DA:180,0
DA:184,0
DA:185,0
DA:186,0
DA:187,0
DA:190,0
DA:192,0
DA:193,0
DA:194,0
DA:195,0
DA:197,0
DA:198,0
DA:200,0
DA:201,0
DA:202,0
DA:203,0
DA:204,0
DA:205,0
DA:206,0
DA:208,0
DA:212,0
DA:215,0
DA:216,0
DA:218,0
DA:219,0
DA:221,0
DA:223,0
DA:228,0
DA:229,0
DA:230,0
DA:235,0
DA:237,0
DA:238,0
DA:239,0
DA:240,0
DA:245,0
DA:251,0
DA:252,0
DA:254,0
DA:255,0
DA:256,0
DA:258,0
DA:259,0
DA:261,0
DA:265,0
DA:267,0
DA:268,0
DA:270,0
DA:276,0
DA:278,0
DA:279,0
DA:281,0
DA:283,0
DA:284,0
DA:288,0
DA:293,0
DA:297,0
DA:298,0
DA:299,0
DA:305,0
DA:307,0
DA:310,0
DA:312,0
DA:317,0
DA:318,0
DA:319,0
DA:320,0
DA:322,0
DA:323,0
DA:325,0
DA:329,0
DA:330,0
DA:331,0
DA:335,0
DA:336,0
DA:337,0
DA:338,0
DA:342,0
DA:344,0
DA:345,0
DA:347,0
DA:352,0
DA:354,0
DA:355,0
DA:357,0
DA:363,0
DA:365,0
DA:368,0
DA:371,0
DA:376,0
DA:377,0
DA:378,0
DA:382,0
DA:383,0
DA:384,0
DA:391,0
DA:392,0
DA:393,0
DA:397,0
DA:398,0
DA:399,0
DA:400,0
DA:403,0
DA:406,0
DA:407,0
DA:410,0
DA:413,0
DA:418,0
DA:420,0
DA:421,0
DA:422,0
DA:423,0
DA:425,0
DA:426,0
DA:427,0
DA:429,0
DA:436,0
DA:437,0
DA:438,0
DA:445,0
DA:446,0
DA:447,0
DA:448,0
DA:449,0
DA:450,0
DA:451,0
DA:454,0
DA:455,0
DA:456,0
DA:457,0
DA:458,0
DA:460,0
DA:463,0
DA:464,0
DA:465,0
DA:467,0
DA:471,0
DA:472,0
DA:477,0
DA:478,0
DA:479,0
DA:480,0
DA:485,0
DA:486,0
DA:488,0
DA:489,0
DA:492,0
DA:493,0
DA:494,0
DA:495,0
DA:500,0
DA:501,0
DA:502,0
DA:503,0
DA:507,0
DA:510,0
DA:513,0
DA:514,0
DA:515,0
DA:520,0
DA:523,0
DA:525,0
DA:530,0
DA:537,0
DA:542,0
DA:543,0
DA:546,0
DA:552,0
DA:554,0
DA:555,0
DA:556,0
DA:558,0
DA:562,0
DA:563,0
DA:574,0
DA:578,0
DA:583,0
DA:584,0
DA:585,0
DA:587,0
DA:588,0
DA:590,0
DA:597,0
DA:598,0
DA:600,0
DA:602,0
DA:603,0
DA:609,0
DA:610,0
DA:611,0
DA:616,0
DA:624,0
DA:625,0
DA:631,0
DA:632,0
DA:635,0
DA:641,0
DA:642,0
DA:644,0
DA:647,0
DA:655,0
DA:656,0
DA:659,0
DA:662,0
DA:663,0
DA:668,0
DA:675,0
DA:676,0
DA:677,0
DA:678,0
DA:681,0
DA:686,0
DA:690,0
DA:691,0
DA:692,0
DA:693,0
DA:698,0
DA:700,0
DA:708,0
DA:709,0
DA:710,0
DA:713,0
DA:714,0
DA:721,0
DA:722,0
DA:723,0
DA:724,0
DA:728,0
DA:729,0
DA:730,0
DA:731,0
DA:734,0
DA:735,0
DA:736,0
DA:741,0
DA:742,0
DA:747,0
DA:748,0
DA:753,0
DA:754,0
DA:759,0
DA:760,0
DA:761,0
DA:762,0
DA:763,0
DA:764,0
DA:765,0
DA:766,0
DA:772,0
DA:773,0
DA:778,0
DA:779,0
DA:780,0
DA:781,0
DA:782,0
DA:807,0
DA:816,0
DA:817,0
DA:818,0
DA:819,0
DA:820,0
DA:821,0
DA:823,0
DA:825,0
DA:826,0
DA:828,0
DA:829,0
DA:830,0
DA:831,0
DA:832,0
DA:833,0
DA:838,0
DA:839,0
DA:840,0
DA:842,0
DA:846,0
DA:847,0
DA:848,0
DA:849,0
DA:853,0
DA:854,0
DA:855,0
DA:856,0
DA:857,0
DA:861,0
DA:862,0
DA:863,0
DA:864,0
DA:866,0
LF:346
LH:0
end_of_record
SF:lib/service/event_bus.dart
DA:101,0
DA:107,0
DA:110,0
DA:113,0
DA:116,0
DA:119,0
DA:122,0
DA:125,0
DA:126,0
DA:128,0
DA:130,0
DA:131,0
DA:132,0
DA:134,0
DA:138,0
DA:139,0
DA:141,0
DA:142,0
DA:146,0
DA:147,0
DA:149,0
DA:150,0
DA:151,0
DA:153,0
DA:154,0
DA:155,0
DA:156,0
DA:162,0
DA:163,0
DA:167,0
DA:168,0
DA:172,0
DA:173,0
DA:174,0
DA:175,0
DA:176,0
DA:178,0
DA:182,0
DA:183,0
DA:184,0
DA:185,0
DA:186,0
DA:187,0
DA:191,0
DA:192,0
DA:194,0
DA:195,0
DA:196,0
DA:197,0
DA:200,0
DA:201,0
DA:202,0
DA:205,0
DA:206,0
DA:207,0
DA:208,0
DA:210,0
DA:218,0
DA:221,0
DA:232,0
DA:246,0
DA:256,0
DA:268,0
DA:269,0
DA:273,0
DA:274,0
DA:275,0
DA:276,0
DA:280,0
DA:281,0
DA:296,0
DA:297,0
DA:298,0
DA:300,0
DA:322,0
DA:328,0
DA:329,0
DA:331,0
DA:332,0
DA:335,0
DA:337,0
DA:338,0
DA:359,0
DA:360,0
DA:361,0
DA:363,0
DA:365,0
DA:366,0
DA:380,0
DA:394,0
DA:395,0
DA:424,0
DA:426,0
DA:443,0
DA:444,0
DA:445,0
DA:447,0
LF:97
LH:0
end_of_record
SF:lib/service/events/common_events.dart
DA:31,0
DA:33,0
DA:34,0
DA:47,0
DA:49,0
DA:50,0
DA:63,0
DA:68,0
DA:69,0
DA:85,0
DA:91,0
DA:92,0
DA:105,0
DA:110,0
DA:111,0
DA:134,0
DA:141,0
DA:142,0
DA:164,0
DA:172,0
DA:173,0
DA:174,0
DA:175,0
DA:176,0
DA:177,0
DA:178,0
DA:195,0
DA:201,0
DA:202,0
DA:218,0
DA:224,0
DA:225,0
DA:249,0
DA:256,0
DA:257,0
DA:258,0
DA:259,0
DA:260,0
DA:261,0
DA:264,0
DA:266,0
DA:286,0
DA:293,0
DA:294,0
DA:295,0
DA:296,0
DA:297,0
DA:298,0
DA:312,0
DA:317,0
DA:318,0
DA:335,0
DA:340,0
DA:341,0
DA:354,0
DA:356,0
DA:357,0
DA:374,0
DA:376,0
DA:377,0
DA:387,0
DA:389,0
DA:390,0
DA:407,0
DA:409,0
DA:410,0
DA:426,0
DA:432,0
DA:433,0
DA:450,0
DA:452,0
DA:453,0
DA:469,0
DA:475,0
DA:476,0
DA:490,0
DA:492,0
DA:493,0
DA:509,0
DA:515,0
DA:516,0
DA:539,0
DA:546,0
DA:547,0
DA:565,0
DA:567,0
DA:568,0
DA:576,0
DA:578,0
DA:579,0
DA:587,0
DA:589,0
DA:590,0
DA:597,0
DA:599,0
DA:600,0
DA:623,0
DA:629,0
DA:630,0
DA:632,0
DA:634,0
DA:658,0
DA:666,0
DA:667,0
DA:668,0
DA:669,0
DA:670,0
DA:671,0
DA:672,0
DA:675,0
DA:677,0
DA:695,0
DA:701,0
DA:702,0
DA:704,0
DA:706,0
DA:721,0
DA:723,0
DA:724,0
DA:726,0
DA:728,0
DA:743,0
DA:745,0
DA:746,0
DA:748,0
DA:750,0
DA:772,0
DA:778,0
DA:779,0
DA:781,0
DA:783,0
DA:814,0
DA:823,0
DA:824,0
DA:825,0
DA:826,0
DA:827,0
DA:828,0
DA:829,0
DA:830,0
DA:833,0
DA:835,0
LF:142
LH:0
end_of_record
SF:lib/store/model/webrtc_signaling_model.dart
DA:8,0
DA:16,0
DA:17,0
DA:18,0
DA:19,0
DA:21,0
DA:24,0
DA:25,0
DA:26,0
DA:27,0
DA:28,0
DA:29,0
DA:30,0
DA:34,0
DA:35,0
DA:36,0
DA:37,0
DA:38,0
DA:39,0
LF:19
LH:0
end_of_record
SF:lib/page/chat/p2p_call_screen/p2p_call_screen_provider.dart
DA:30,1
DA:43,0
DA:55,0
DA:56,0
DA:57,0
DA:58,0
DA:59,0
DA:60,0
DA:61,0
DA:62,0
DA:63,0
DA:64,0
DA:65,0
DA:119,0
DA:124,0
DA:130,0
DA:131,0
DA:132,0
DA:133,0
DA:134,0
DA:135,0
DA:136,0
DA:139,0
DA:140,0
DA:141,0
DA:142,0
DA:145,0
DA:146,0
DA:147,0
DA:148,0
DA:150,0
DA:151,0
DA:152,0
DA:153,0
DA:155,0
DA:156,0
DA:159,0
DA:161,0
DA:162,0
DA:163,0
DA:165,0
DA:168,0
DA:169,0
DA:170,0
DA:172,0
DA:173,0
DA:174,0
DA:175,0
DA:176,0
DA:178,0
DA:179,0
DA:180,0
DA:182,0
DA:183,0
DA:185,0
DA:186,0
DA:187,0
DA:188,0
DA:190,0
DA:191,0
DA:193,0
DA:194,0
DA:196,0
DA:197,0
DA:199,0
DA:200,0
DA:201,0
DA:203,0
DA:204,0
DA:207,0
DA:214,0
DA:218,0
DA:219,0
DA:220,0
DA:221,0
DA:223,0
DA:224,0
DA:225,0
DA:226,0
DA:228,0
DA:230,0
DA:232,0
DA:234,0
DA:235,0
DA:239,0
DA:244,0
DA:247,0
DA:248,0
DA:251,0
DA:253,0
DA:254,0
DA:255,0
DA:257,0
DA:259,0
DA:261,0
DA:264,0
DA:267,0
DA:270,0
DA:271,0
DA:272,0
DA:274,0
DA:276,0
DA:277,0
DA:278,0
DA:284,0
DA:291,0
DA:294,0
DA:299,0
DA:301,0
DA:303,0
DA:304,0
DA:307,0
DA:312,0
DA:318,0
DA:319,0
DA:320,0
DA:322,0
DA:326,0
DA:327,0
DA:329,0
DA:330,0
DA:333,0
DA:334,0
DA:335,0
DA:336,0
DA:337,0
DA:341,0
DA:342,0
DA:345,0
DA:346,0
DA:347,0
DA:348,0
DA:351,0
DA:353,0
DA:354,0
DA:355,0
DA:356,0
DA:357,0
DA:361,0
DA:365,0
DA:366,0
DA:367,0
DA:368,0
DA:370,0
DA:373,0
DA:374,0
DA:375,0
DA:376,0
DA:380,0
DA:381,0
DA:384,0
DA:385,0
DA:388,0
DA:389,0
DA:390,0
DA:391,0
DA:395,0
DA:396,0
DA:397,0
DA:401,0
DA:402,0
DA:403,0
DA:404,0
DA:406,0
DA:407,0
DA:410,0
DA:415,0
DA:416,0
DA:417,0
DA:419,0
DA:420,0
DA:423,0
DA:424,0
DA:425,0
DA:428,0
DA:429,0
DA:432,0
DA:433,0
DA:435,0
DA:436,0
DA:437,0
DA:439,0
DA:440,0
DA:444,0
DA:449,0
DA:453,0
DA:454,0
DA:455,0
DA:459,0
DA:462,0
DA:463,0
DA:466,0
DA:467,0
DA:468,0
DA:471,0
DA:472,0
DA:474,0
DA:475,0
DA:477,0
DA:480,0
DA:481,0
DA:482,0
DA:483,0
DA:484,0
DA:485,0
DA:486,0
DA:487,0
DA:489,0
DA:492,0
DA:494,0
DA:495,0
DA:497,0
DA:500,0
DA:501,0
DA:505,0
DA:506,0
DA:507,0
DA:508,0
DA:509,0
DA:511,0
DA:512,0
DA:515,0
DA:516,0
DA:517,0
DA:518,0
DA:519,0
DA:520,0
DA:523,0
DA:525,0
DA:529,0
DA:530,0
DA:534,0
DA:535,0
DA:537,0
DA:539,0
DA:541,0
DA:543,0
DA:547,0
DA:548,0
DA:549,0
DA:550,0
DA:551,0
DA:552,0
DA:555,0
DA:556,0
DA:558,0
DA:563,0
DA:564,0
DA:565,0
DA:566,0
DA:567,0
DA:570,0
DA:571,0
DA:575,0
DA:576,0
DA:577,0
DA:578,0
DA:582,0
DA:583,0
DA:584,0
DA:585,0
DA:586,0
DA:592,0
DA:593,0
DA:594,0
DA:595,0
DA:596,0
DA:600,0
DA:601,0
DA:604,0
DA:605,0
DA:607,0
DA:612,0
DA:613,0
DA:614,0
DA:615,0
DA:616,0
DA:617,0
DA:619,0
DA:621,0
DA:625,0
DA:626,0
DA:627,0
DA:630,0
DA:631,0
DA:632,0
DA:635,0
DA:636,0
DA:637,0
DA:641,0
DA:642,0
DA:645,0
DA:646,0
DA:649,0
DA:650,0
DA:653,0
DA:657,0
DA:658,0
DA:659,0
DA:660,0
DA:661,0
DA:663,0
DA:666,0
DA:667,0
DA:668,0
DA:669,0
DA:670,0
DA:671,0
DA:672,0
DA:673,0
DA:685,0
DA:686,0
DA:687,0
LF:313
LH:1
end_of_record
SF:lib/page/chat/p2p_call_screen/p2p_call_screen_provider.g.dart
DA:14,0
DA:20,0
DA:21,0
DA:31,0
DA:32,0
DA:34,0
DA:36,0
DA:39,0
DA:40,0
DA:42,0
DA:47,0
DA:54,0
DA:57,0
DA:59,0
DA:66,0
LF:15
LH:0
end_of_record
SF:lib/theme/default/app_radius.dart
DA:31,0
DA:102,0
DA:105,0
DA:110,0
DA:115,0
DA:120,0
DA:123,0
DA:126,0
DA:133,0
DA:134,0
DA:135,0
DA:141,0
DA:142,0
DA:143,0
DA:147,0
DA:148,0
DA:149,0
DA:153,0
DA:154,0
DA:155,0
DA:161,0
DA:162,0
DA:163,0
DA:164,0
DA:165,0
DA:171,0
DA:172,0
DA:173,0
DA:174,0
DA:175,0
DA:183,0
DA:188,0
DA:193,0
DA:198,0
DA:203,0
DA:208,0
DA:213,0
DA:221,0
DA:229,0
DA:230,0
DA:239,0
DA:245,0
DA:246,0
DA:247,0
DA:248,0
DA:249,0
DA:257,0
DA:261,0
DA:262,0
DA:263,0
DA:264,0
DA:265,0
DA:266,0
DA:267,0
DA:268,0
LF:55
LH:0
end_of_record
SF:lib/page/contact/contact/contact_provider.dart
DA:18,1
DA:24,0
DA:29,0
DA:30,0
DA:31,0
DA:32,0
DA:40,0
DA:47,0
DA:48,0
DA:50,0
DA:51,0
DA:53,0
DA:58,0
DA:61,0
DA:62,0
DA:63,0
DA:64,0
DA:65,0
DA:66,0
DA:67,0
DA:69,0
DA:72,0
DA:75,0
DA:76,0
DA:79,0
DA:80,0
DA:82,0
DA:86,0
DA:87,0
DA:88,0
DA:90,0
DA:97,0
DA:99,0
DA:104,0
DA:106,0
DA:111,0
DA:113,0
DA:122,0
DA:123,0
DA:124,0
DA:125,0
DA:127,0
DA:130,0
DA:131,0
DA:132,0
DA:133,0
DA:135,0
DA:140,0
DA:141,0
DA:142,0
DA:143,0
DA:146,0
DA:147,0
DA:151,0
DA:152,0
DA:153,0
DA:154,0
DA:155,0
DA:156,0
DA:157,0
DA:158,0
DA:159,0
DA:160,0
DA:161,0
DA:162,0
DA:163,0
DA:167,0
DA:168,0
DA:169,0
DA:170,0
DA:175,0
DA:177,0
LF:72
LH:1
end_of_record
SF:lib/page/contact/contact/contact_provider.g.dart
DA:13,0
DA:17,0
DA:18,0
DA:28,0
DA:29,0
DA:31,0
DA:33,0
DA:36,0
DA:37,0
DA:39,0
DA:44,0
DA:48,0
DA:51,0
DA:53,0
DA:60,0
DA:65,0
DA:70,0
DA:71,0
DA:81,0
DA:82,0
DA:84,0
DA:87,0
DA:89,0
DA:91,0
DA:95,0
DA:96,0
DA:98,0
DA:103,0
LF:28
LH:0
end_of_record
SF:lib/store/api/contact_api.dart
DA:11,0
DA:12,0
DA:14,0
DA:15,0
DA:17,0
DA:21,1
DA:22,1
DA:24,1
DA:27,5
DA:28,1
DA:30,0
DA:31,0
DA:33,0
DA:36,2
DA:37,2
DA:44,0
DA:45,0
DA:47,0
DA:49,0
DA:50,0
DA:52,0
DA:56,0
DA:57,0
DA:58,0
DA:59,0
DA:61,0
LF:26
LH:7
end_of_record
SF:lib/page/conversation/conversation_provider.dart
DA:29,1
DA:36,0
DA:42,0
DA:43,0
DA:44,0
DA:45,0
DA:46,0
DA:51,0
DA:52,0
DA:53,0
DA:58,0
DA:59,0
DA:68,0
DA:71,0
DA:73,0
DA:74,0
DA:76,0
DA:83,0
DA:84,0
DA:88,0
DA:89,0
DA:93,0
DA:94,0
DA:96,0
DA:97,0
DA:100,0
DA:101,0
DA:102,0
DA:106,0
DA:107,0
DA:108,0
DA:109,0
DA:113,0
DA:114,0
DA:115,0
DA:116,0
DA:117,0
DA:121,0
DA:122,0
DA:123,0
DA:124,0
DA:128,0
DA:130,0
DA:131,0
DA:132,0
DA:140,0
DA:144,0
DA:145,0
DA:146,0
DA:148,0
DA:149,0
DA:150,0
DA:152,0
DA:157,0
DA:158,0
DA:159,0
DA:160,0
DA:161,0
DA:164,0
DA:168,0
DA:172,0
DA:173,0
DA:175,0
DA:176,0
DA:178,0
DA:180,0
DA:185,0
DA:187,0
DA:188,0
DA:189,0
DA:191,0
DA:192,0
DA:195,0
DA:197,0
DA:202,0
DA:206,0
DA:207,0
DA:208,0
DA:211,0
DA:215,0
DA:216,0
DA:217,0
DA:220,0
DA:221,0
DA:222,0
DA:226,0
DA:228,0
DA:229,0
DA:230,0
DA:233,0
DA:238,0
DA:241,0
DA:243,0
DA:244,0
DA:245,0
DA:247,0
DA:249,0
DA:251,0
DA:253,0
DA:255,0
DA:256,0
DA:259,0
DA:265,0
DA:267,0
DA:268,0
DA:269,0
DA:272,0
DA:274,0
DA:275,0
DA:276,0
DA:283,0
DA:286,0
DA:287,0
DA:289,0
DA:293,0
DA:298,0
DA:299,0
DA:300,0
DA:302,0
DA:303,0
DA:308,0
DA:311,0
DA:314,0
DA:315,0
DA:318,0
DA:319,0
DA:321,0
DA:325,0
DA:329,0
DA:330,0
DA:332,0
DA:333,0
DA:334,0
DA:336,0
DA:337,0
DA:338,0
DA:339,0
DA:342,0
DA:344,0
DA:345,0
DA:347,0
DA:353,0
DA:354,0
DA:356,0
DA:359,0
DA:360,0
DA:363,0
DA:365,0
DA:366,0
DA:367,0
DA:371,0
DA:372,0
DA:373,0
DA:374,0
DA:375,0
DA:378,0
DA:382,0
DA:383,0
DA:384,0
DA:386,0
DA:387,0
DA:388,0
DA:391,0
DA:392,0
DA:396,0
DA:401,0
DA:403,0
DA:404,0
DA:405,0
DA:406,0
DA:407,0
DA:409,0
DA:410,0
DA:411,0
DA:414,0
DA:418,0
DA:422,0
DA:424,0
DA:425,0
DA:426,0
DA:427,0
DA:431,0
DA:432,0
DA:435,0
DA:436,0
DA:438,0
DA:444,0
DA:446,0
DA:447,0
DA:451,0
DA:455,0
DA:457,0
DA:458,0
DA:459,0
DA:460,0
DA:461,0
DA:462,0
DA:466,0
DA:470,0
DA:478,0
DA:479,0
DA:481,0
DA:482,0
DA:494,0
DA:497,0
DA:498,0
DA:500,0
DA:501,0
DA:502,0
DA:504,0
DA:505,0
DA:511,0
DA:516,0
DA:517,0
DA:520,0
DA:521,0
DA:523,0
DA:524,0
DA:525,0
DA:528,0
DA:529,0
DA:532,0
DA:535,0
DA:540,0
DA:544,0
DA:546,0
DA:547,0
DA:549,0
DA:550,0
DA:552,0
DA:553,0
DA:559,0
DA:560,0
DA:563,0
DA:568,0
DA:569,0
DA:571,0
DA:572,0
DA:573,0
DA:576,0
DA:577,0
DA:580,0
DA:581,0
DA:584,0
DA:589,0
DA:590,0
DA:595,0
DA:597,0
DA:600,0
DA:608,0
DA:610,0
DA:611,0
DA:612,0
DA:615,0
LF:254
LH:1
end_of_record
SF:lib/page/conversation/conversation_provider.g.dart
DA:13,0
DA:17,0
DA:18,0
DA:28,0
DA:29,0
DA:31,0
DA:33,0
DA:36,0
DA:37,0
DA:39,0
DA:44,0
DA:49,0
DA:52,0
DA:54,0
DA:61,0
LF:15
LH:0
end_of_record
SF:lib/service/sqlite.dart
DA:34,1
DA:36,3
DA:51,1
DA:53,3
DA:54,1
DA:61,0
DA:63,0
DA:70,0
DA:71,0
DA:72,0
DA:73,0
DA:75,0
DA:80,1
DA:81,3
DA:85,0
DA:86,0
DA:89,0
DA:92,0
DA:95,0
DA:96,0
DA:97,0
DA:98,0
DA:100,0
DA:102,0
DA:105,0
DA:108,0
DA:109,0
DA:110,0
DA:111,0
DA:117,0
DA:118,0
DA:126,0
DA:128,0
DA:132,0
DA:134,0
DA:136,0
DA:144,0
DA:145,0
DA:156,0
DA:157,0
DA:160,0
DA:161,0
DA:167,0
DA:174,0
DA:175,0
DA:178,0
DA:179,0
DA:191,0
DA:192,0
DA:197,0
DA:204,0
DA:205,0
DA:208,0
DA:209,0
DA:221,0
DA:227,0
DA:228,0
DA:230,0
DA:233,0
DA:234,0
DA:235,0
DA:236,0
DA:237,0
DA:242,0
DA:243,0
DA:246,0
DA:254,0
DA:255,0
DA:272,0
DA:281,0
DA:282,0
DA:284,0
DA:287,0
DA:294,0
DA:295,0
DA:296,0
DA:297,0
DA:298,0
DA:304,0
DA:305,0
DA:308,0
DA:316,0
DA:317,0
DA:331,0
DA:337,0
DA:338,0
DA:341,0
DA:342,0
DA:343,0
DA:344,0
DA:345,0
DA:346,0
DA:347,0
DA:351,0
DA:357,0
DA:362,0
DA:367,0
DA:372,0
DA:373,0
DA:375,0
DA:377,0
DA:379,0
DA:380,0
DA:383,0
DA:406,1
DA:419,1
DA:420,1
DA:424,0
DA:436,0
DA:437,0
DA:438,0
DA:439,0
DA:440,0
DA:442,0
DA:446,0
DA:453,0
DA:454,0
DA:456,0
DA:457,0
DA:458,0
DA:463,0
DA:468,0
DA:469,0
DA:470,0
DA:472,0
DA:477,0
DA:483,0
DA:484,0
DA:485,0
DA:487,0
DA:492,0
DA:493,0
DA:494,0
DA:495,0
DA:496,0
DA:497,0
DA:500,0
DA:508,0
DA:514,0
DA:515,0
DA:517,0
DA:519,0
DA:521,0
DA:522,0
DA:525,0
DA:533,0
DA:534,0
DA:542,0
DA:548,0
DA:549,0
DA:550,0
DA:551,0
DA:555,0
DA:556,0
DA:557,0
DA:563,0
DA:568,0
DA:569,0
DA:570,0
DA:573,0
DA:574,0
DA:575,0
DA:576,0
DA:577,0
DA:578,0
DA:579,0
DA:581,0
DA:585,0
DA:592,0
DA:593,0
DA:594,0
DA:595,0
DA:596,0
DA:597,0
DA:602,0
DA:604,0
DA:606,0
DA:611,0
DA:614,0
LF:179
LH:10
end_of_record
SF:lib/store/model/conversation_model.dart
DA:45,0
DA:64,0
DA:65,0
DA:66,0
DA:67,0
DA:68,0
DA:73,0
DA:76,0
DA:77,0
DA:80,0
DA:81,0
DA:82,0
DA:86,0
DA:89,0
DA:92,0
DA:93,0
DA:95,0
DA:96,0
DA:99,0
DA:100,0
DA:103,0
DA:104,0
DA:105,0
DA:107,0
DA:112,0
DA:113,0
DA:114,0
DA:115,0
DA:116,0
DA:117,0
DA:118,0
DA:119,0
DA:120,0
DA:121,0
DA:122,0
DA:123,0
DA:124,0
DA:125,0
DA:126,0
DA:127,0
DA:128,0
DA:129,0
DA:130,0
DA:131,0
DA:132,0
DA:133,0
DA:134,0
DA:135,0
DA:136,0
DA:139,0
DA:142,0
DA:145,0
DA:148,0
DA:150,0
DA:156,0
DA:157,0
DA:160,0
DA:161,0
DA:162,0
DA:163,0
DA:165,0
DA:166,0
DA:167,0
DA:168,0
DA:169,0
DA:171,0
DA:172,0
DA:173,0
DA:174,0
DA:176,0
DA:177,0
DA:179,0
DA:180,0
DA:184,0
DA:185,0
DA:186,0
DA:187,0
DA:188,0
DA:189,0
DA:190,0
DA:191,0
DA:192,0
DA:193,0
DA:194,0
DA:195,0
DA:196,0
DA:197,0
DA:198,0
DA:199,0
DA:202,0
DA:215,0
DA:218,0
DA:232,0
DA:233,0
DA:234,0
DA:235,0
DA:236,0
DA:237,0
DA:238,0
DA:239,0
DA:240,0
DA:241,0
DA:242,0
DA:243,0
DA:244,0
DA:249,0
DA:250,0
DA:251,0
DA:252,0
DA:253,0
LF:110
LH:0
end_of_record
SF:lib/store/repository/conversation_repo_sqlite.dart
DA:37,0
DA:38,0
DA:39,0
DA:40,0
DA:41,0
DA:42,0
DA:43,0
DA:45,0
DA:46,0
DA:47,0
DA:48,0
DA:49,0
DA:50,0
DA:51,0
DA:52,0
DA:56,0
DA:58,0
DA:62,0
DA:69,0
DA:70,0
DA:71,0
DA:72,0
DA:75,0
DA:77,0
DA:80,0
DA:81,0
DA:84,0
DA:87,0
DA:88,0
DA:94,0
DA:99,0
DA:100,0
DA:101,0
DA:102,0
DA:103,0
DA:104,0
DA:107,0
DA:111,0
DA:112,0
DA:117,0
DA:118,0
DA:119,0
DA:120,0
DA:122,0
DA:124,0
DA:126,0
DA:127,0
DA:128,0
DA:129,0
DA:135,0
DA:139,0
DA:141,0
DA:159,0
DA:162,0
DA:163,0
DA:166,0
DA:167,0
DA:168,0
DA:174,0
DA:180,0
DA:181,0
DA:182,0
DA:183,0
DA:184,0
DA:186,0
DA:188,0
DA:210,0
DA:212,0
DA:213,0
DA:215,0
DA:216,0
DA:218,0
DA:219,0
DA:222,0
DA:224,0
DA:230,0
DA:233,0
DA:235,0
DA:254,0
DA:255,0
DA:258,0
DA:260,0
DA:279,0
DA:280,0
DA:284,0
DA:285,0
DA:291,0
DA:298,0
DA:300,0
DA:319,0
DA:320,0
DA:323,0
DA:325,0
DA:344,0
DA:345,0
DA:350,0
DA:351,0
DA:357,0
DA:358,0
DA:361,0
DA:362,0
DA:367,0
DA:371,0
LF:103
LH:0
end_of_record
SF:lib/store/repository/group_repo_sqlite.dart
DA:30,0
DA:50,0
DA:57,0
DA:58,0
DA:59,0
DA:61,0
DA:62,0
DA:64,0
DA:66,0
DA:73,0
DA:74,0
DA:76,0
DA:77,0
DA:80,0
DA:81,0
DA:82,0
DA:87,0
DA:91,0
DA:92,0
DA:94,0
DA:95,0
DA:99,0
DA:100,0
DA:103,0
DA:104,0
DA:105,0
DA:108,0
DA:109,0
DA:110,0
DA:116,0
DA:117,0
DA:118,0
DA:119,0
DA:120,0
DA:121,0
DA:122,0
DA:123,0
DA:124,0
DA:125,0
DA:126,0
DA:127,0
DA:128,0
DA:129,0
DA:130,0
DA:131,0
DA:132,0
DA:134,0
DA:136,0
DA:138,0
DA:144,0
DA:145,0
DA:147,0
DA:148,0
DA:153,0
DA:158,0
DA:159,0
DA:161,0
DA:165,0
DA:167,0
DA:169,0
DA:171,0
DA:174,0
DA:175,0
DA:176,0
DA:178,0
DA:179,0
DA:180,0
DA:183,0
DA:184,0
DA:185,0
DA:187,0
DA:189,0
DA:191,0
DA:192,0
DA:194,0
DA:197,0
DA:198,0
DA:201,0
DA:204,0
DA:205,0
DA:213,0
DA:214,0
DA:216,0
DA:218,0
DA:219,0
DA:220,0
DA:222,0
DA:223,0
DA:226,0
DA:227,0
DA:232,0
DA:235,0
DA:237,0
DA:238,0
DA:239,0
DA:242,0
DA:244,0
DA:245,0
DA:246,0
DA:249,0
DA:250,0
LF:101
LH:0
end_of_record
SF:lib/store/repository/message_repo_sqlite.dart
DA:33,0
DA:67,0
DA:89,0
DA:94,0
DA:101,0
DA:103,0
DA:104,0
DA:110,0
DA:112,0
DA:116,0
DA:117,0
DA:121,0
DA:122,0
DA:123,0
DA:125,0
DA:129,0
DA:131,0
DA:135,0
DA:137,0
DA:138,0
DA:140,0
DA:144,0
DA:145,0
DA:151,0
DA:155,0
DA:157,0
DA:158,0
DA:159,0
DA:163,0
DA:165,0
DA:172,0
DA:174,0
DA:175,0
DA:180,0
DA:181,0
DA:186,0
DA:187,0
DA:191,0
DA:192,0
DA:197,0
DA:198,0
DA:203,0
DA:204,0
DA:209,0
DA:210,0
DA:218,0
DA:219,0
DA:220,0
DA:221,0
DA:222,0
DA:226,0
DA:227,0
DA:230,0
DA:233,0
DA:234,0
DA:237,0
DA:240,0
DA:243,0
DA:248,0
DA:251,0
DA:254,0
DA:257,0
DA:262,0
DA:265,0
DA:269,0
DA:272,0
DA:278,0
DA:279,0
DA:286,0
DA:288,0
DA:289,0
DA:293,0
DA:294,0
DA:296,0
DA:301,0
DA:302,0
DA:303,0
DA:305,0
DA:307,0
DA:310,0
DA:313,0
DA:314,0
DA:316,0
DA:317,0
DA:318,0
DA:319,0
DA:320,0
DA:321,0
DA:322,0
DA:323,0
DA:324,0
DA:325,0
DA:327,0
DA:328,0
DA:329,0
DA:331,0
DA:333,0
DA:335,0
DA:338,0
DA:344,0
DA:345,0
DA:346,0
DA:347,0
DA:350,0
DA:351,0
DA:352,0
DA:354,0
DA:356,0
DA:357,0
DA:359,0
DA:360,0
DA:363,0
DA:364,0
DA:366,0
DA:367,0
DA:373,0
DA:376,0
DA:377,0
DA:378,0
DA:380,0
DA:382,0
DA:383,0
DA:384,0
DA:385,0
DA:388,0
DA:389,0
DA:391,0
DA:392,0
DA:393,0
DA:399,0
DA:408,0
DA:410,0
DA:411,0
DA:412,0
DA:413,0
DA:415,0
DA:416,0
DA:417,0
DA:421,0
DA:422,0
DA:427,0
DA:428,0
DA:429,0
DA:432,0
DA:437,0
DA:438,0
DA:441,0
DA:442,0
DA:443,0
DA:447,0
DA:448,0
DA:450,0
DA:455,0
DA:463,0
DA:464,0
DA:465,0
DA:468,0
DA:469,0
DA:473,0
DA:474,0
DA:475,0
DA:478,0
DA:483,0
DA:484,0
DA:487,0
DA:488,0
DA:489,0
DA:493,0
DA:494,0
DA:496,0
DA:500,0
DA:512,0
DA:513,0
DA:515,0
DA:517,0
DA:518,0
DA:519,0
DA:521,0
DA:522,0
DA:525,0
DA:526,0
DA:527,0
DA:531,0
DA:532,0
DA:533,0
DA:534,0
DA:538,0
DA:539,0
DA:540,0
DA:545,0
DA:546,0
DA:549,0
DA:550,0
DA:555,0
DA:557,0
DA:560,0
DA:561,0
DA:562,0
DA:570,0
DA:571,0
DA:574,0
DA:575,0
DA:578,0
DA:579,0
DA:580,0
DA:584,0
DA:585,0
DA:590,0
DA:593,0
DA:594,0
DA:595,0
DA:596,0
DA:598,0
DA:599,0
DA:600,0
DA:601,0
DA:603,0
DA:604,0
DA:605,0
DA:606,0
DA:608,0
DA:609,0
DA:610,0
DA:611,0
DA:614,0
DA:615,0
DA:616,0
DA:617,0
DA:619,0
DA:621,0
DA:626,0
DA:629,0
DA:630,0
DA:631,0
DA:632,0
DA:633,0
DA:636,0
DA:637,0
DA:638,0
DA:639,0
DA:640,0
DA:644,0
DA:645,0
DA:651,0
DA:652,0
DA:653,0
DA:654,0
DA:655,0
DA:660,0
DA:661,0
DA:662,0
DA:663,0
DA:664,0
DA:670,0
DA:674,0
DA:675,0
DA:676,0
DA:677,0
DA:678,0
DA:679,0
DA:682,0
DA:683,0
DA:684,0
DA:691,0
DA:692,0
DA:694,0
DA:695,0
DA:697,0
DA:698,0
DA:699,0
DA:705,0
DA:706,0
DA:707,0
DA:708,0
DA:709,0
DA:713,0
DA:714,0
DA:715,0
DA:716,0
DA:717,0
DA:718,0
DA:719,0
DA:722,0
DA:723,0
DA:729,0
DA:733,0
DA:735,0
DA:737,0
DA:738,0
DA:739,0
DA:740,0
DA:744,0
DA:747,0
DA:748,0
DA:750,0
DA:751,0
DA:752,0
DA:754,0
DA:757,0
DA:760,0
DA:763,0
DA:768,0
DA:769,0
DA:774,0
DA:775,0
DA:776,0
DA:780,0
DA:784,0
DA:785,0
DA:786,0
DA:787,0
DA:788,0
DA:790,0
DA:791,0
DA:792,0
DA:797,0
DA:798,0
DA:799,0
DA:801,0
DA:803,0
DA:804,0
DA:805,0
DA:810,0
DA:811,0
DA:812,0
DA:813,0
DA:814,0
DA:816,0
DA:817,0
DA:818,0
DA:825,0
DA:826,0
DA:827,0
DA:829,0
DA:830,0
DA:831,0
DA:833,0
DA:836,0
DA:837,0
DA:841,0
DA:843,0
DA:844,0
DA:845,0
DA:847,0
DA:853,0
DA:854,0
DA:858,0
DA:864,0
DA:869,0
DA:877,0
DA:878,0
DA:881,0
DA:883,0
DA:884,0
DA:900,0
DA:902,0
DA:903,0
DA:908,0
DA:909,0
DA:913,0
DA:914,0
DA:915,0
DA:918,0
DA:920,0
DA:925,0
DA:931,0
DA:933,0
DA:934,0
DA:935,0
DA:938,0
DA:944,0
DA:947,0
DA:948,0
DA:949,0
DA:952,0
DA:953,0
DA:959,0
DA:960,0
DA:961,0
DA:962,0
DA:964,0
DA:966,0
DA:969,0
DA:970,0
DA:976,0
DA:977,0
DA:978,0
DA:979,0
DA:981,0
DA:982,0
DA:983,0
DA:988,0
DA:989,0
DA:990,0
DA:991,0
DA:993,0
DA:994,0
DA:995,0
DA:1001,0
DA:1003,0
DA:1007,0
DA:1009,0
DA:1010,0
DA:1011,0
DA:1012,0
DA:1013,0
DA:1016,0
DA:1017,0
DA:1020,0
DA:1021,0
DA:1022,0
DA:1023,0
DA:1026,0
DA:1027,0
DA:1028,0
DA:1034,0
DA:1035,0
DA:1036,0
DA:1041,0
DA:1045,0
DA:1048,0
DA:1049,0
DA:1051,0
DA:1055,0
DA:1058,0
DA:1059,0
DA:1060,0
DA:1062,0
DA:1063,0
DA:1074,0
DA:1079,0
DA:1082,0
DA:1085,0
DA:1093,0
DA:1094,0
DA:1095,0
DA:1103,0
DA:1104,0
DA:1106,0
DA:1107,0
DA:1109,0
DA:1112,0
DA:1115,0
DA:1116,0
DA:1119,0
DA:1122,0
DA:1137,0
DA:1139,0
DA:1141,0
DA:1142,0
DA:1144,0
DA:1145,0
DA:1148,0
DA:1150,0
DA:1155,0
DA:1158,0
DA:1160,0
DA:1164,0
DA:1165,0
DA:1169,0
DA:1173,0
DA:1174,0
DA:1175,0
DA:1176,0
DA:1177,0
DA:1180,0
DA:1187,0
DA:1188,0
DA:1193,0
DA:1195,0
DA:1197,0
DA:1200,0
DA:1201,0
DA:1205,0
DA:1207,0
DA:1212,0
DA:1214,0
DA:1215,0
DA:1217,0
DA:1220,0
DA:1222,0
DA:1223,0
DA:1224,0
DA:1225,0
DA:1233,0
DA:1234,0
DA:1235,0
DA:1236,0
DA:1237,0
DA:1247,0
DA:1248,0
DA:1249,0
DA:1253,0
DA:1255,0
DA:1256,0
DA:1258,0
DA:1259,0
DA:1261,0
DA:1263,0
DA:1267,0
DA:1268,0
DA:1275,0
DA:1291,0
DA:1299,0
DA:1300,0
DA:1303,0
DA:1312,0
DA:1315,0
DA:1324,0
DA:1327,0
DA:1330,0
DA:1331,0
DA:1336,0
DA:1337,0
DA:1342,0
DA:1353,0
DA:1355,0
DA:1356,0
DA:1357,0
DA:1361,0
DA:1362,0
DA:1366,0
DA:1367,0
DA:1370,0
DA:1372,0
DA:1375,0
DA:1380,0
DA:1381,0
DA:1382,0
DA:1387,0
DA:1388,0
DA:1407,0
DA:1422,0
DA:1423,0
DA:1424,0
DA:1426,0
DA:1427,0
DA:1428,0
DA:1429,0
DA:1430,0
DA:1431,0
DA:1432,0
DA:1433,0
DA:1434,0
DA:1435,0
DA:1446,0
DA:1448,0
DA:1449,0
DA:1450,0
DA:1452,0
DA:1453,0
LF:551
LH:0
end_of_record
SF:lib/page/group/group_detail/group_detail_service.dart
DA:21,0
DA:23,0
DA:24,0
DA:25,0
DA:31,0
DA:32,0
DA:35,0
DA:36,0
DA:37,0
DA:39,0
DA:40,0
DA:45,0
DA:46,0
DA:47,0
DA:52,0
DA:56,0
DA:57,0
DA:58,0
DA:59,0
DA:63,0
DA:64,0
DA:67,0
DA:68,0
DA:69,0
DA:75,0
DA:80,0
DA:81,0
DA:82,0
DA:83,0
DA:85,0
DA:86,0
DA:88,0
DA:89,0
DA:90,0
DA:91,0
DA:92,0
DA:93,0
DA:94,0
DA:95,0
DA:96,0
DA:97,0
DA:105,0
DA:109,0
DA:110,0
DA:111,0
DA:112,0
DA:113,0
DA:114,0
DA:115,0
DA:116,0
DA:117,0
DA:118,0
DA:119,0
DA:128,0
DA:129,0
DA:131,0
DA:137,0
DA:138,0
DA:139,0
DA:140,0
DA:141,0
DA:142,0
DA:143,0
DA:146,0
DA:147,0
DA:153,0
DA:154,0
DA:156,0
DA:159,0
DA:165,0
DA:166,0
DA:171,0
DA:172,0
DA:175,0
DA:181,0
DA:187,0
DA:189,0
DA:192,0
DA:195,0
DA:197,0
DA:201,0
DA:202,0
DA:209,0
DA:212,0
DA:213,0
DA:214,0
DA:221,0
DA:223,0
DA:224,0
DA:225,0
DA:228,0
DA:231,0
DA:236,0
DA:238,0
DA:239,0
DA:241,0
LF:96
LH:0
end_of_record
SF:lib/store/model/group_member_model.dart
DA:28,0
DA:47,0
DA:49,0
DA:50,0
DA:51,0
DA:52,0
DA:53,0
DA:54,0
DA:55,0
DA:56,0
DA:57,0
DA:58,0
DA:59,0
DA:60,0
DA:61,0
DA:62,0
DA:63,0
DA:64,0
DA:65,0
DA:69,0
DA:70,0
DA:71,0
DA:72,0
DA:73,0
DA:74,0
DA:75,0
DA:76,0
DA:77,0
DA:78,0
DA:79,0
DA:80,0
DA:81,0
LF:32
LH:0
end_of_record
SF:lib/store/model/group_model.dart
DA:25,0
DA:43,0
DA:44,0
DA:45,0
DA:46,0
DA:47,0
DA:48,0
DA:49,0
DA:50,0
DA:51,0
DA:52,0
DA:53,0
DA:54,0
DA:55,0
DA:56,0
DA:57,0
DA:58,0
DA:59,0
DA:60,0
DA:63,0
DA:64,0
DA:70,0
DA:71,0
DA:72,0
DA:73,0
DA:74,0
DA:75,0
DA:76,0
DA:77,0
DA:78,0
DA:79,0
DA:80,0
DA:81,0
DA:82,0
DA:83,0
DA:84,0
DA:85,0
LF:37
LH:0
end_of_record
SF:lib/store/model/people_model.dart
DA:17,0
DA:32,0
DA:33,0
DA:34,0
DA:35,0
DA:36,0
DA:37,0
DA:38,0
DA:39,0
DA:40,0
DA:41,0
DA:42,0
DA:43,0
DA:44,0
DA:45,0
DA:46,0
DA:47,0
DA:51,0
DA:52,0
DA:53,0
DA:54,0
DA:55,0
DA:56,0
DA:57,0
DA:58,0
DA:59,0
DA:60,0
DA:61,0
DA:62,0
DA:63,0
DA:64,0
DA:68,0
DA:69,0
DA:70,0
DA:72,0
DA:73,0
DA:75,0
LF:37
LH:0
end_of_record
SF:lib/store/api/group_member_api.dart
DA:7,0
DA:12,0
DA:14,0
DA:18,0
DA:22,0
DA:25,0
DA:29,0
DA:31,0
DA:34,0
DA:35,0
DA:38,0
DA:41,0
DA:45,0
DA:47,0
DA:50,0
DA:51,0
DA:54,0
DA:57,0
DA:58,0
DA:60,0
DA:62,0
DA:63,0
DA:66,0
DA:67,0
DA:69,0
DA:72,0
DA:73,0
DA:76,0
LF:28
LH:0
end_of_record
SF:lib/store/api/group_api.dart
DA:10,0
DA:15,0
DA:17,0
DA:20,0
DA:21,0
DA:24,0
DA:27,0
DA:28,0
DA:30,0
DA:32,0
DA:33,0
DA:34,0
DA:36,0
DA:39,0
DA:40,0
DA:41,0
DA:42,0
DA:43,0
DA:45,0
DA:49,0
DA:54,0
DA:56,0
DA:62,0
DA:63,0
DA:65,0
DA:66,0
DA:68,0
DA:71,0
DA:75,0
DA:77,0
DA:79,0
DA:80,0
DA:82,0
DA:83,0
DA:85,0
DA:88,0
DA:91,0
DA:93,0
DA:95,0
DA:96,0
DA:97,0
DA:99,0
DA:102,0
DA:106,0
DA:107,0
DA:108,0
DA:109,0
DA:110,0
DA:112,0
DA:115,0
DA:116,0
DA:118,0
DA:120,0
DA:121,0
DA:122,0
DA:124,0
DA:127,0
DA:135,0
DA:137,0
DA:140,0
DA:142,0
DA:151,0
DA:152,0
DA:155,0
DA:158,0
DA:163,0
DA:165,0
DA:167,0
DA:168,0
DA:171,0
DA:177,0
DA:179,0
DA:186,0
DA:187,0
LF:74
LH:0
end_of_record
SF:lib/store/repository/group_member_repo_sqlite.dart
DA:30,0
DA:51,0
DA:58,0
DA:60,0
DA:67,0
DA:68,0
DA:70,0
DA:71,0
DA:74,0
DA:75,0
DA:76,0
DA:82,0
DA:86,0
DA:87,0
DA:88,0
DA:89,0
DA:90,0
DA:91,0
DA:92,0
DA:93,0
DA:94,0
DA:95,0
DA:96,0
DA:97,0
DA:98,0
DA:99,0
DA:100,0
DA:101,0
DA:102,0
DA:104,0
DA:106,0
DA:108,0
DA:114,0
DA:115,0
DA:116,0
DA:118,0
DA:119,0
DA:123,0
DA:124,0
DA:126,0
DA:127,0
DA:132,0
DA:138,0
DA:140,0
DA:142,0
DA:144,0
DA:146,0
DA:148,0
DA:150,0
DA:152,0
DA:153,0
DA:156,0
DA:159,0
DA:160,0
DA:161,0
DA:163,0
DA:165,0
DA:167,0
DA:169,0
DA:171,0
DA:173,0
DA:175,0
DA:177,0
DA:180,0
DA:181,0
DA:182,0
DA:185,0
DA:186,0
DA:187,0
DA:190,0
DA:191,0
DA:192,0
DA:193,0
DA:196,0
DA:200,0
DA:201,0
DA:204,0
DA:208,0
DA:209,0
DA:217,0
DA:218,0
DA:219,0
DA:221,0
DA:222,0
DA:224,0
DA:225,0
DA:228,0
DA:229,0
DA:234,0
DA:241,0
DA:243,0
DA:245,0
DA:246,0
DA:249,0
DA:251,0
DA:253,0
DA:254,0
DA:257,0
DA:258,0
DA:264,0
DA:265,0
DA:268,0
DA:269,0
LF:103
LH:0
end_of_record
SF:lib/page/group/group_list/group_list_service.dart
DA:20,0
DA:23,0
DA:24,0
DA:26,0
DA:28,0
DA:29,0
DA:30,0
DA:31,0
DA:32,0
DA:33,0
DA:34,0
DA:37,0
DA:42,0
DA:46,0
DA:47,0
DA:48,0
DA:49,0
DA:50,0
DA:51,0
DA:52,0
DA:60,0
DA:61,0
DA:62,0
DA:69,0
DA:70,0
DA:72,0
DA:77,0
DA:78,0
DA:80,0
DA:81,0
DA:82,0
DA:83,0
DA:84,0
DA:85,0
DA:87,0
DA:88,0
DA:90,0
DA:91,0
DA:93,0
DA:94,0
DA:98,0
DA:99,0
DA:100,0
DA:106,0
DA:107,0
DA:113,0
DA:114,0
DA:115,0
DA:116,0
DA:118,0
DA:119,0
DA:120,0
DA:121,0
DA:122,0
DA:123,0
DA:125,0
DA:126,0
DA:128,0
DA:129,0
DA:134,0
DA:135,0
DA:136,0
DA:140,0
DA:143,0
DA:148,0
DA:154,0
DA:155,0
DA:156,0
DA:157,0
DA:158,0
DA:159,0
DA:161,0
DA:164,0
DA:170,0
DA:172,0
DA:173,0
DA:174,0
DA:180,0
DA:182,0
DA:183,0
DA:190,0
DA:195,0
DA:196,0
DA:197,0
DA:201,0
DA:202,0
DA:204,0
DA:205,0
DA:206,0
DA:210,0
DA:211,0
DA:212,0
DA:213,0
DA:214,0
DA:215,0
DA:218,0
DA:220,0
DA:223,0
DA:227,0
DA:232,0
DA:233,0
DA:234,0
DA:236,0
DA:237,0
DA:238,0
DA:240,0
DA:241,0
DA:242,0
DA:244,0
DA:250,0
DA:251,0
DA:255,0
DA:256,0
LF:113
LH:0
end_of_record
SF:lib/page/single/upgrade.dart
DA:28,0
DA:36,0
DA:37,0
DA:56,0
DA:58,0
DA:59,0
DA:60,0
DA:61,0
DA:65,0
DA:66,0
DA:67,0
DA:69,0
DA:71,0
DA:72,0
DA:73,0
DA:75,0
DA:76,0
DA:77,0
DA:78,0
DA:80,0
DA:81,0
DA:82,0
DA:83,0
DA:84,0
DA:85,0
DA:86,0
DA:87,0
DA:89,0
DA:90,0
DA:91,0
DA:92,0
DA:94,0
DA:95,0
DA:99,0
DA:101,0
DA:102,0
DA:103,0
DA:104,0
DA:105,0
DA:106,0
DA:107,0
DA:110,0
DA:113,0
DA:115,0
DA:116,0
DA:120,0
DA:121,0
DA:123,0
DA:124,0
DA:125,0
DA:126,0
DA:133,0
DA:134,0
DA:135,0
DA:139,0
DA:140,0
DA:141,0
DA:142,0
DA:143,0
DA:144,0
DA:146,0
DA:149,0
DA:151,0
DA:154,0
DA:156,0
DA:158,0
DA:160,0
DA:162,0
DA:164,0
DA:170,0
DA:171,0
DA:172,0
DA:176,0
DA:177,0
DA:178,0
DA:182,0
DA:183,0
DA:184,0
DA:185,0
DA:186,0
DA:187,0
DA:188,0
DA:191,0
DA:195,0
DA:197,0
DA:198,0
DA:200,0
DA:201,0
DA:202,0
DA:204,0
DA:205,0
DA:206,0
DA:208,0
DA:210,0
DA:215,0
DA:218,0
DA:220,0
DA:222,0
DA:231,0
DA:232,0
DA:233,0
DA:234,0
DA:237,0
DA:238,0
DA:242,0
DA:243,0
DA:246,0
DA:247,0
DA:248,0
DA:252,0
DA:253,0
DA:254,0
DA:258,0
DA:259,0
DA:260,0
DA:264,0
DA:265,0
DA:266,0
DA:276,0
DA:277,0
DA:278,0
DA:282,0
DA:283,0
DA:286,0
DA:289,0
DA:291,0
DA:292,0
DA:293,0
DA:295,0
DA:296,0
DA:297,0
DA:298,0
DA:299,0
DA:300,0
DA:302,0
DA:336,0
DA:350,0
DA:352,0
DA:355,0
DA:367,0
DA:384,0
DA:397,0
DA:400,0
DA:402,0
DA:405,0
DA:408,0
DA:411,0
DA:414,0
DA:417,0
DA:420,0
DA:423,0
DA:426,0
DA:428,0
DA:429,0
DA:433,0
DA:435,0
DA:436,0
DA:437,0
DA:438,0
DA:440,0
DA:442,0
DA:444,0
DA:446,0
DA:448,0
DA:449,0
DA:450,0
DA:452,0
DA:453,0
DA:467,0
DA:468,0
DA:469,0
DA:471,0
DA:472,0
DA:474,0
DA:475,0
DA:476,0
DA:477,0
DA:478,0
DA:480,0
DA:487,0
DA:489,0
DA:490,0
DA:492,0
DA:493,0
DA:494,0
DA:495,0
DA:496,0
DA:497,0
DA:500,0
DA:501,0
DA:505,0
DA:506,0
DA:507,0
DA:508,0
DA:511,0
DA:519,0
DA:521,0
DA:523,0
DA:524,0
DA:525,0
DA:526,0
DA:527,0
DA:528,0
DA:536,0
DA:538,0
DA:539,0
DA:540,0
DA:541,0
DA:542,0
DA:543,0
DA:544,0
DA:545,0
DA:546,0
DA:556,0
DA:561,0
DA:562,0
DA:563,0
DA:564,0
DA:565,0
DA:566,0
DA:567,0
LF:221
LH:0
end_of_record
SF:lib/service/ack_manager.dart
DA:16,0
DA:17,0
DA:21,0
DA:22,0
DA:42,0
DA:50,0
DA:51,0
DA:54,0
DA:55,0
DA:56,0
DA:60,0
DA:62,0
DA:65,0
DA:66,0
DA:69,0
DA:71,0
DA:73,0
DA:74,0
DA:76,0
DA:77,0
DA:81,0
DA:82,0
DA:83,0
DA:85,0
DA:86,0
DA:90,0
DA:91,0
DA:93,0
DA:101,0
DA:103,0
DA:104,0
DA:111,0
DA:114,0
DA:118,0
DA:122,0
DA:123,0
DA:126,0
DA:137,0
DA:139,0
DA:140,0
DA:141,0
DA:143,0
DA:145,0
DA:146,0
DA:148,0
DA:152,0
DA:155,0
DA:156,0
DA:160,0
DA:161,0
DA:164,0
DA:165,0
DA:168,0
DA:169,0
DA:174,0
DA:175,0
DA:181,0
DA:183,0
DA:188,0
DA:189,0
DA:191,0
DA:197,0
DA:198,0
DA:199,0
DA:203,0
DA:204,0
DA:207,0
DA:213,0
DA:215,0
DA:218,0
DA:220,0
DA:222,0
DA:226,0
DA:231,0
DA:232,0
DA:233,0
DA:238,0
DA:239,0
DA:240,0
DA:242,0
DA:245,0
DA:246,0
DA:251,0
DA:258,0
DA:260,0
DA:261,0
DA:262,0
DA:267,0
DA:270,0
DA:273,0
DA:275,0
DA:276,0
DA:277,0
DA:278,0
DA:282,0
DA:283,0
DA:284,0
DA:286,0
DA:287,0
DA:288,0
DA:290,0
DA:294,0
DA:295,0
DA:297,0
DA:298,0
DA:300,0
DA:305,0
DA:306,0
DA:308,0
DA:310,0
DA:311,0
DA:313,0
DA:314,0
DA:318,0
DA:319,0
DA:320,0
DA:322,0
DA:327,0
DA:328,0
DA:329,0
DA:332,0
DA:345,0
DA:354,0
DA:355,0
DA:356,0
DA:357,0
DA:358,0
DA:359,0
DA:360,0
DA:361,0
DA:362,0
DA:363,0
LF:132
LH:0
end_of_record
SF:lib/service/active_conversation_notifier.dart
DA:11,0
DA:16,0
DA:20,0
DA:22,0
DA:23,0
DA:27,0
DA:30,0
DA:31,0
DA:32,0
DA:33,0
DA:35,0
DA:36,0
DA:47,0
DA:49,0
DA:53,0
DA:54,0
DA:55,0
DA:57,0
DA:62,0
DA:63,0
DA:64,0
DA:66,0
DA:75,0
DA:79,0
DA:80,0
DA:83,0
DA:90,0
DA:91,0
DA:92,0
LF:29
LH:0
end_of_record
SF:lib/service/active_conversation_notifier.g.dart
DA:19,0
DA:36,0
DA:37,0
DA:47,0
DA:48,0
DA:50,0
DA:52,0
DA:55,0
DA:56,0
DA:58,0
DA:63,0
DA:76,0
DA:80,0
DA:82,0
DA:89,0
LF:15
LH:0
end_of_record
SF:lib/service/cached_sqlite_service.dart
DA:12,0
DA:48,0
DA:57,0
DA:61,0
DA:64,0
DA:65,0
DA:69,0
DA:70,0
DA:72,0
DA:75,0
DA:79,0
DA:82,0
DA:85,0
DA:91,0
DA:98,0
DA:106,0
DA:110,0
DA:114,0
DA:115,0
DA:116,0
DA:117,0
DA:119,0
DA:120,0
DA:123,0
DA:127,0
DA:128,0
DA:129,0
DA:130,0
DA:131,0
DA:132,0
DA:136,0
DA:137,0
DA:138,0
DA:139,0
DA:142,0
DA:143,0
DA:144,0
DA:145,0
DA:146,0
DA:152,0
DA:153,0
DA:156,0
DA:160,0
DA:162,0
DA:163,0
DA:164,0
DA:165,0
DA:166,0
DA:169,0
DA:173,0
DA:174,0
DA:175,0
DA:177,0
DA:178,0
DA:179,0
DA:183,0
DA:184,0
DA:187,0
DA:188,0
LF:59
LH:0
end_of_record
SF:lib/service/e2ee_service.dart
DA:11,0
DA:12,0
DA:14,0
DA:18,0
DA:21,0
DA:25,0
DA:28,0
DA:29,0
DA:30,0
DA:36,0
DA:41,0
DA:98,0
DA:103,0
DA:106,0
DA:109,0
DA:110,0
DA:111,0
DA:117,0
DA:121,0
DA:122,0
DA:125,0
DA:126,0
DA:127,0
DA:129,0
DA:131,0
DA:132,0
DA:133,0
DA:135,0
DA:141,0
DA:142,0
DA:174,0
DA:180,0
DA:181,0
DA:182,0
DA:187,0
DA:188,0
DA:191,0
DA:192,0
DA:194,0
DA:199,0
DA:200,0
DA:201,0
DA:205,0
DA:206,0
DA:207,0
DA:208,0
DA:209,0
DA:213,0
DA:214,0
DA:215,0
DA:218,0
DA:219,0
DA:220,0
DA:222,0
DA:227,0
DA:228,0
DA:232,0
DA:234,0
DA:236,0
DA:239,0
DA:246,0
DA:247,0
DA:249,0
DA:250,0
DA:253,0
DA:254,0
DA:255,0
DA:256,0
DA:258,0
DA:261,0
DA:262,0
DA:263,0
DA:264,0
DA:265,0
DA:266,0
DA:267,0
DA:270,0
DA:271,0
DA:273,0
DA:274,0
DA:278,0
DA:279,0
DA:284,0
DA:285,0
DA:287,0
DA:292,0
DA:299,0
DA:300,0
DA:302,0
DA:303,0
DA:306,0
DA:307,0
DA:308,0
DA:309,0
DA:311,0
DA:314,0
DA:315,0
DA:316,0
DA:317,0
DA:318,0
DA:319,0
DA:320,0
DA:323,0
DA:324,0
DA:326,0
DA:327,0
DA:331,0
DA:332,0
DA:339,0
DA:340,0
DA:342,0
DA:394,0
DA:405,0
DA:406,0
DA:410,0
DA:411,0
DA:413,0
DA:420,0
DA:423,0
DA:426,0
DA:427,0
DA:428,0
DA:437,0
DA:438,0
DA:439,0
DA:440,0
DA:441,0
DA:443,0
DA:444,0
DA:452,0
DA:459,0
DA:460,0
DA:461,0
DA:469,0
DA:470,0
DA:471,0
DA:478,0
DA:479,0
DA:482,0
DA:483,0
DA:486,0
DA:487,0
DA:496,0
DA:497,0
DA:498,0
DA:500,0
DA:505,0
DA:506,0
DA:508,0
DA:509,0
DA:513,0
DA:517,0
DA:518,0
DA:519,0
DA:526,0
DA:529,0
DA:530,0
DA:532,0
DA:533,0
DA:534,0
DA:536,0
DA:538,0
DA:541,0
DA:542,0
DA:544,0
DA:545,0
DA:549,0
DA:550,0
DA:551,0
DA:552,0
DA:553,0
DA:554,0
DA:555,0
DA:557,0
DA:559,0
DA:570,0
DA:575,0
DA:583,0
DA:594,0
DA:595,0
DA:596,0
DA:597,0
DA:598,0
DA:599,0
DA:600,0
DA:602,0
DA:604,0
DA:605,0
DA:609,0
DA:614,0
DA:625,0
DA:628,0
DA:629,0
DA:630,0
DA:632,0
DA:633,0
DA:634,0
DA:635,0
DA:636,0
DA:637,0
DA:638,0
DA:640,0
DA:641,0
DA:645,0
DA:648,0
DA:649,0
DA:650,0
DA:652,0
DA:653,0
DA:654,0
DA:655,0
DA:656,0
DA:657,0
DA:658,0
DA:659,0
DA:660,0
DA:661,0
DA:662,0
DA:665,0
DA:666,0
DA:670,0
DA:673,0
DA:677,0
DA:680,0
DA:683,0
DA:684,0
DA:685,0
DA:686,0
DA:690,0
DA:694,0
DA:695,0
DA:705,0
LF:232
LH:0
end_of_record
SF:lib/service/rsa.dart
DA:32,0
DA:45,0
DA:52,0
DA:53,0
DA:59,0
DA:63,0
DA:69,0
DA:76,0
DA:77,0
DA:83,0
DA:87,0
DA:99,0
DA:104,0
DA:107,0
DA:108,0
DA:110,0
DA:111,0
DA:115,0
DA:116,0
DA:120,0
DA:136,0
DA:140,0
DA:142,0
DA:143,0
DA:148,0
DA:149,0
DA:151,0
DA:153,0
DA:158,0
DA:160,0
DA:161,0
DA:162,0
DA:165,0
DA:173,0
DA:176,0
DA:177,0
DA:178,0
DA:180,0
DA:181,0
DA:182,0
DA:184,0
DA:185,0
DA:188,0
DA:189,0
DA:190,0
DA:192,0
DA:194,0
DA:199,0
DA:201,0
DA:203,0
DA:204,0
DA:205,0
DA:207,0
DA:208,0
DA:209,0
DA:210,0
DA:211,0
DA:212,0
DA:213,0
DA:214,0
DA:215,0
DA:217,0
DA:218,0
DA:220,0
DA:222,0
DA:223,0
DA:226,0
DA:227,0
DA:228,0
DA:229,0
DA:231,0
DA:232,0
DA:237,0
DA:242,0
DA:247,0
DA:248,0
DA:249,0
DA:253,0
DA:258,0
DA:260,0
DA:264,0
DA:265,0
DA:266,0
DA:267,0
DA:269,0
DA:271,0
DA:274,0
DA:276,0
DA:284,0
DA:286,0
DA:287,0
DA:289,0
DA:291,0
DA:296,0
DA:298,0
DA:299,0
DA:301,0
DA:303,0
DA:308,0
DA:313,0
DA:314,0
DA:315,0
DA:321,0
DA:322,0
DA:323,0
DA:324,0
DA:326,0
DA:333,0
DA:336,0
DA:338,0
DA:346,0
DA:348,0
DA:349,0
DA:351,0
DA:352,0
DA:354,0
DA:359,0
DA:365,0
DA:366,0
DA:367,0
DA:369,0
DA:370,0
DA:373,0
DA:380,0
DA:381,0
DA:382,0
DA:383,0
DA:388,0
DA:391,0
DA:392,0
DA:393,0
DA:394,0
DA:396,0
DA:399,0
DA:400,0
DA:404,0
DA:407,0
DA:408,0
DA:409,0
DA:411,0
DA:417,0
DA:418,0
DA:420,0
DA:421,0
DA:423,0
DA:424,0
DA:427,0
DA:429,0
DA:433,0
DA:436,0
DA:437,0
DA:438,0
DA:439,0
DA:441,0
DA:443,0
DA:444,0
DA:447,0
DA:448,0
DA:450,0
DA:451,0
DA:454,0
DA:456,0
DA:458,0
DA:459,0
DA:460,0
DA:462,0
DA:463,0
DA:465,0
DA:466,0
DA:468,0
DA:469,0
DA:471,0
DA:473,0
DA:477,0
DA:478,0
DA:479,0
DA:480,0
DA:482,0
DA:485,0
DA:486,0
DA:488,0
DA:489,0
DA:491,0
DA:492,0
DA:494,0
LF:185
LH:0
end_of_record
SF:lib/store/api/e2ee_api.dart
DA:6,0
DA:7,0
DA:9,0
DA:11,0
DA:12,0
DA:13,0
DA:14,0
DA:15,0
DA:17,0
DA:20,0
DA:23,0
DA:25,0
DA:27,0
DA:28,0
DA:29,0
DA:30,0
DA:31,0
DA:33,0
DA:36,0
DA:38,0
LF:20
LH:0
end_of_record
SF:lib/service/events/base_event.dart
DA:56,0
DA:75,0
DA:76,0
DA:78,0
DA:80,0
LF:5
LH:0
end_of_record
SF:lib/service/events/event_retry_manager.dart
DA:67,0
DA:76,0
DA:84,0
DA:85,0
DA:86,0
DA:89,0
DA:93,0
DA:97,0
DA:99,0
DA:107,0
DA:108,0
DA:110,0
DA:111,0
DA:116,0
DA:117,0
DA:121,0
DA:122,0
DA:128,0
DA:129,0
DA:130,0
DA:134,0
DA:135,0
DA:136,0
DA:137,0
DA:140,0
DA:141,0
DA:146,0
DA:147,0
DA:151,0
DA:152,0
DA:153,0
DA:155,0
DA:161,0
DA:162,0
DA:163,0
DA:167,0
DA:168,0
DA:172,0
DA:173,0
DA:175,0
DA:178,0
DA:179,0
DA:180,0
DA:183,0
DA:188,0
DA:190,0
DA:192,0
DA:194,0
DA:198,0
DA:199,0
DA:201,0
DA:202,0
DA:210,0
DA:214,0
DA:215,0
DA:218,0
DA:219,0
DA:224,0
DA:226,0
DA:227,0
DA:229,0
DA:231,0
DA:236,0
DA:239,0
DA:241,0
DA:243,0
DA:250,0
DA:251,0
DA:252,0
DA:254,0
DA:255,0
DA:259,0
DA:260,0
DA:261,0
DA:262,0
DA:263,0
DA:264,0
DA:265,0
DA:266,0
DA:267,0
DA:268,0
DA:275,0
DA:276,0
DA:277,0
DA:278,0
DA:302,0
LF:86
LH:0
end_of_record
SF:lib/service/websocket_events.dart
DA:38,0
DA:40,0
DA:41,0
DA:55,0
DA:57,0
DA:58,0
DA:71,0
DA:73,0
DA:74,0
DA:84,0
DA:86,0
DA:87,0
DA:97,0
DA:99,0
DA:100,0
DA:122,0
DA:128,0
DA:129,0
DA:142,0
DA:144,0
DA:145,0
DA:161,0
DA:167,0
DA:168,0
DA:178,0
DA:180,0
DA:181,0
DA:194,0
DA:199,0
DA:200,0
LF:30
LH:0
end_of_record
SF:lib/service/events/message_events.dart
DA:12,0
DA:13,0
DA:27,0
DA:34,0
DA:36,0
DA:44,0
DA:45,0
DA:46,0
DA:47,0
DA:48,0
DA:49,0
DA:50,0
DA:71,0
DA:80,0
DA:82,0
DA:90,0
DA:91,0
DA:92,0
DA:93,0
DA:94,0
DA:95,0
DA:96,0
DA:97,0
DA:98,0
DA:122,0
DA:136,0
DA:138,0
DA:185,0
DA:186,0
DA:187,0
DA:188,0
DA:189,0
DA:190,0
DA:208,0
DA:216,0
DA:218,0
DA:226,0
DA:227,0
DA:228,0
DA:229,0
DA:230,0
DA:231,0
DA:246,0
DA:253,0
DA:255,0
DA:263,0
DA:264,0
DA:281,0
DA:289,0
DA:291,0
DA:299,0
DA:300,0
DA:301,0
DA:302,0
DA:303,0
DA:304,0
DA:305,0
DA:323,0
DA:331,0
DA:333,0
DA:341,0
DA:342,0
DA:362,0
DA:371,0
DA:373,0
DA:381,0
DA:382,0
DA:383,0
DA:384,0
DA:385,0
DA:386,0
DA:387,0
DA:405,0
DA:413,0
DA:415,0
DA:423,0
DA:424,0
DA:425,0
DA:426,0
DA:427,0
DA:428,0
DA:429,0
DA:430,0
DA:451,0
DA:460,0
DA:462,0
DA:470,0
DA:471,0
DA:482,0
DA:488,0
DA:490,0
DA:507,0
DA:508,0
DA:509,0
DA:510,0
DA:511,0
DA:512,0
DA:513,0
DA:514,0
DA:538,0
DA:548,0
DA:550,0
LF:102
LH:0
end_of_record
SF:lib/service/events/network_events.dart
DA:30,0
DA:35,0
DA:37,0
DA:39,0
DA:40,0
DA:41,0
DA:43,0
DA:44,0
DA:46,0
DA:48,0
DA:74,0
DA:83,0
DA:84,0
DA:85,0
DA:86,0
DA:87,0
DA:88,0
DA:89,0
DA:90,0
DA:93,0
DA:95,0
DA:151,0
DA:159,0
DA:160,0
DA:161,0
DA:162,0
DA:163,0
DA:164,0
DA:165,0
DA:168,0
DA:170,0
DA:217,0
DA:226,0
DA:227,0
DA:228,0
DA:229,0
DA:230,0
DA:231,0
DA:232,0
DA:233,0
DA:236,0
DA:238,0
DA:282,0
DA:290,0
DA:291,0
DA:292,0
DA:293,0
DA:294,0
DA:295,0
DA:296,0
DA:299,0
DA:301,0
LF:52
LH:0
end_of_record
SF:lib/service/events/ui_events.dart
DA:12,0
DA:13,0
DA:19,0
DA:22,0
DA:33,0
DA:40,0
DA:42,0
DA:80,0
DA:81,0
DA:96,0
DA:99,0
DA:102,0
DA:107,0
DA:115,0
DA:117,0
DA:125,0
DA:126,0
DA:135,0
DA:138,0
DA:143,0
DA:149,0
DA:151,0
DA:159,0
DA:160,0
DA:174,0
DA:181,0
DA:183,0
DA:218,0
DA:219,0
DA:236,0
DA:244,0
DA:246,0
DA:278,0
DA:279,0
DA:293,0
DA:300,0
DA:302,0
DA:340,0
DA:341,0
DA:352,0
DA:358,0
DA:360,0
DA:368,0
DA:369,0
DA:386,0
DA:394,0
DA:396,0
DA:413,0
DA:414,0
DA:425,0
DA:431,0
DA:433,0
DA:468,0
DA:469,0
DA:495,0
DA:506,0
DA:508,0
DA:537,0
DA:538,0
DA:542,0
DA:545,0
DA:547,0
DA:549,0
DA:551,0
DA:571,0
DA:572,0
DA:580,0
DA:585,0
DA:587,0
DA:595,0
DA:596,0
DA:616,0
DA:625,0
DA:627,0
LF:74
LH:0
end_of_record
SF:lib/service/message_s2c.dart
DA:38,0
DA:58,0
DA:60,0
DA:61,0
DA:62,0
DA:67,0
DA:68,0
DA:69,0
DA:73,0
DA:74,0
DA:75,0
DA:78,0
DA:81,0
DA:82,0
DA:83,0
DA:85,0
DA:86,0
DA:88,0
DA:89,0
DA:91,0
DA:92,0
DA:94,0
DA:97,0
DA:98,0
DA:100,0
DA:101,0
DA:103,0
DA:104,0
DA:106,0
DA:109,0
DA:111,0
DA:113,0
DA:116,0
DA:118,0
DA:119,0
DA:121,0
DA:124,0
DA:126,0
DA:127,0
DA:129,0
DA:131,0
DA:133,0
DA:135,0
DA:137,0
DA:138,0
DA:140,0
DA:141,0
DA:143,0
DA:145,0
DA:147,0
DA:149,0
DA:151,0
DA:153,0
DA:156,0
DA:162,0
DA:164,0
DA:167,0
DA:180,0
DA:184,0
DA:188,0
DA:189,0
DA:198,0
DA:204,0
DA:206,0
DA:209,0
DA:210,0
DA:215,0
DA:216,0
DA:219,0
DA:222,0
DA:226,0
DA:229,0
DA:238,0
DA:244,0
DA:247,0
DA:259,0
DA:263,0
DA:264,0
DA:267,0
DA:278,0
DA:282,0
DA:283,0
DA:284,0
DA:285,0
DA:286,0
DA:287,0
DA:289,0
DA:295,0
DA:296,0
DA:298,0
DA:301,0
DA:302,0
DA:318,0
DA:319,0
DA:320,0
DA:328,0
DA:332,0
DA:333,0
DA:334,0
DA:336,0
DA:342,0
DA:343,0
DA:345,0
DA:348,0
DA:359,0
DA:395,0
DA:396,0
DA:397,0
DA:398,0
DA:399,0
DA:400,0
DA:401,0
DA:402,0
DA:403,0
DA:404,0
DA:405,0
DA:408,0
DA:409,0
DA:410,0
DA:414,0
DA:422,0
DA:425,0
DA:426,0
DA:427,0
DA:428,0
DA:430,0
DA:440,0
DA:444,0
DA:447,0
DA:449,0
DA:451,0
DA:459,0
DA:460,0
DA:461,0
DA:462,0
DA:463,0
DA:464,0
DA:467,0
DA:469,0
DA:470,0
DA:472,0
DA:473,0
DA:475,0
DA:476,0
DA:489,0
DA:492,0
DA:496,0
DA:498,0
DA:501,0
DA:502,0
DA:503,0
DA:504,0
DA:505,0
DA:506,0
DA:507,0
DA:517,0
DA:520,0
DA:521,0
DA:522,0
DA:524,0
DA:532,0
DA:536,0
DA:537,0
DA:540,0
DA:548,0
DA:552,0
DA:553,0
DA:555,0
DA:558,0
DA:572,0
DA:576,0
DA:577,0
DA:579,0
DA:582,0
DA:597,0
DA:601,0
DA:602,0
DA:604,0
DA:607,0
DA:622,0
DA:626,0
DA:627,0
DA:629,0
DA:632,0
LF:184
LH:0
end_of_record
SF:lib/store/api/app_version_api.dart
DA:8,0
DA:9,0
DA:11,0
DA:13,0
DA:14,0
DA:17,0
DA:18,0
DA:20,0
DA:22,0
DA:23,0
DA:25,0
DA:28,0
DA:29,0
DA:31,0
DA:33,0
DA:34,0
DA:36,0
LF:17
LH:0
end_of_record
SF:lib/service/message_type_constants.dart
DA:82,0
DA:84,0
DA:86,0
DA:88,0
DA:90,0
DA:92,0
DA:94,0
DA:96,0
DA:98,0
DA:100,0
DA:102,0
DA:104,0
DA:106,0
DA:108,0
DA:110,0
DA:116,0
DA:118,0
DA:120,0
DA:122,0
DA:124,0
DA:126,0
DA:128,0
DA:130,0
DA:132,0
DA:134,0
DA:136,0
DA:138,0
DA:140,0
DA:142,0
DA:144,0
DA:531,0
DA:532,0
DA:536,0
DA:537,0
LF:34
LH:0
end_of_record
SF:lib/service/storage_secure.dart
DA:32,0
DA:33,0
DA:40,0
DA:44,0
DA:45,0
DA:50,0
DA:65,0
DA:75,0
DA:97,0
DA:105,0
DA:127,0
DA:135,0
LF:12
LH:0
end_of_record
SF:lib/service/secure_key_service.dart
DA:20,0
DA:21,0
DA:23,0
DA:24,0
DA:31,0
DA:32,0
DA:33,0
DA:34,0
DA:35,0
DA:39,0
DA:41,0
DA:42,0
DA:43,0
DA:46,0
DA:47,0
DA:50,0
DA:51,0
DA:52,0
DA:54,0
DA:59,0
DA:60,0
DA:61,0
DA:63,0
DA:67,0
DA:69,0
DA:73,0
DA:76,0
DA:80,0
DA:83,0
DA:84,0
DA:86,0
DA:89,0
DA:92,0
DA:93,0
DA:97,0
DA:98,0
DA:99,0
DA:100,0
DA:104,0
DA:109,0
DA:110,0
DA:111,0
LF:42
LH:0
end_of_record
SF:lib/service/secure_token_storage_service.dart
DA:29,0
DA:31,0
DA:33,0
DA:37,0
DA:38,0
DA:39,0
DA:42,0
DA:43,0
DA:44,0
DA:47,1
DA:48,2
DA:49,1
DA:52,0
DA:53,0
DA:54,0
DA:56,0
DA:61,0
DA:62,0
DA:63,0
DA:66,0
DA:67,0
DA:68,0
DA:69,0
DA:72,0
DA:77,0
DA:79,0
DA:82,0
DA:83,0
DA:86,0
DA:87,0
DA:91,0
DA:138,0
DA:139,0
DA:140,0
DA:143,0
DA:145,0
DA:146,0
DA:151,0
DA:155,0
DA:156,0
DA:157,0
DA:158,0
DA:161,0
DA:162,0
DA:163,0
DA:164,0
DA:166,0
DA:167,0
DA:171,0
DA:173,0
DA:175,0
DA:176,0
DA:177,0
DA:179,0
DA:184,0
DA:191,0
DA:192,0
DA:193,0
DA:194,0
DA:196,0
DA:197,0
DA:200,0
DA:205,0
DA:206,0
DA:208,0
DA:209,0
DA:210,0
DA:212,0
DA:213,0
DA:214,0
DA:217,0
DA:218,0
DA:221,0
DA:222,0
DA:224,0
DA:225,0
DA:235,0
DA:236,0
DA:237,0
DA:238,0
DA:241,0
DA:242,0
DA:243,0
DA:244,0
DA:245,0
DA:246,0
DA:248,0
DA:249,0
DA:251,0
DA:258,0
DA:259,0
DA:260,0
DA:261,0
LF:93
LH:3
end_of_record
SF:lib/utils/conversation_uk3_generator.dart
DA:10,0
DA:16,0
DA:18,0
DA:25,0
DA:30,0
DA:36,0
DA:40,0
DA:46,0
DA:51,0
DA:58,0
DA:59,0
DA:60,0
DA:66,0
DA:67,0
DA:70,0
DA:71,0
DA:73,0
DA:76,0
DA:77,0
DA:78,0
DA:81,0
DA:83,0
DA:86,0
DA:91,0
DA:96,0
DA:100,0
DA:105,0
DA:106,0
DA:108,0
DA:112,0
DA:113,0
DA:117,0
DA:118,0
DA:119,0
DA:121,0
DA:122,0
DA:124,0
DA:127,0
DA:134,0
DA:140,0
DA:143,0
DA:151,0
DA:152,0
DA:157,0
DA:158,0
DA:159,0
DA:161,0
DA:173,0
DA:174,0
DA:175,0
DA:177,0
DA:178,0
DA:180,0
DA:186,0
LF:54
LH:0
end_of_record
SF:lib/store/model/user_model.dart
DA:29,0
DA:42,0
DA:44,0
DA:46,0
DA:47,0
DA:51,0
DA:53,0
DA:54,0
DA:60,0
DA:62,0
DA:63,0
DA:64,0
DA:66,0
DA:67,0
DA:68,0
DA:69,0
DA:70,0
DA:71,0
DA:72,0
DA:73,0
DA:75,0
DA:76,0
DA:77,0
DA:79,0
DA:80,0
DA:81,0
DA:83,0
DA:84,0
DA:85,0
DA:89,0
DA:90,0
DA:91,0
DA:92,0
DA:93,0
DA:94,0
DA:95,0
DA:96,0
DA:97,0
DA:98,0
DA:99,0
DA:100,0
DA:118,0
DA:132,0
DA:133,0
DA:134,0
DA:135,0
DA:136,0
DA:137,0
DA:138,0
DA:140,0
DA:143,0
DA:144,0
DA:145,0
DA:146,0
DA:147,0
DA:148,0
DA:149,0
DA:150,0
DA:151,0
DA:152,0
DA:153,0
DA:154,0
DA:155,0
DA:156,0
DA:160,0
DA:161,0
DA:162,0
DA:163,0
DA:164,0
DA:165,0
DA:166,0
DA:167,0
DA:168,0
DA:169,0
DA:170,0
DA:171,0
DA:172,0
LF:77
LH:0
end_of_record
SF:lib/theme/default/app_colors.dart
DA:8,0
DA:230,0
DA:231,0
DA:234,0
DA:237,0
DA:238,0
DA:241,0
DA:244,0
DA:245,0
DA:248,0
DA:251,0
DA:252,0
DA:255,0
DA:259,0
DA:266,0
DA:274,0
DA:282,0
DA:283,0
DA:291,0
DA:292,0
DA:296,0
DA:297,0
DA:301,0
DA:302,0
DA:350,0
DA:351,0
DA:360,0
DA:361,0
DA:370,0
DA:371,0
DA:380,0
DA:381,0
DA:391,0
DA:396,0
DA:409,0
DA:414,0
DA:431,0
DA:436,0
DA:437,0
DA:438,0
DA:444,0
DA:445,0
DA:446,0
DA:447,0
DA:448,0
DA:449,0
DA:454,0
DA:455,0
DA:456,0
DA:457,0
DA:458,0
DA:463,0
DA:464,0
DA:465,0
DA:467,0
LF:55
LH:0
end_of_record
SF:lib/theme/default/app_sizes.dart
DA:30,0
DA:416,0
DA:422,0
DA:424,0
DA:426,0
DA:427,0
DA:429,0
DA:437,0
DA:438,0
DA:444,0
DA:445,0
LF:11
LH:0
end_of_record
SF:lib/theme/default/app_spacing.dart
DA:28,0
DA:100,0
DA:103,0
DA:106,0
DA:109,0
DA:112,0
DA:115,0
DA:118,0
DA:121,0
DA:124,0
DA:125,0
DA:128,0
DA:129,0
DA:132,0
DA:133,0
DA:136,0
DA:137,0
DA:140,0
DA:141,0
DA:148,0
DA:149,0
DA:152,0
DA:157,0
DA:162,0
DA:167,0
DA:168,0
DA:173,0
DA:174,0
DA:177,0
DA:178,0
DA:183,0
DA:184,0
DA:189,0
DA:190,0
DA:195,0
DA:198,0
DA:201,0
DA:202,0
DA:207,0
DA:210,0
DA:213,0
DA:216,0
DA:219,0
DA:222,0
DA:225,0
DA:228,0
DA:233,0
DA:236,0
DA:239,0
DA:242,0
DA:245,0
DA:248,0
DA:251,0
DA:254,0
DA:259,0
DA:262,0
DA:265,0
DA:272,0
DA:278,0
DA:279,0
DA:281,0
DA:292,0
DA:293,0
DA:297,0
DA:298,0
DA:302,0
DA:303,0
LF:67
LH:0
end_of_record
SF:lib/theme/default/config/component_theme_manager.dart
DA:11,0
DA:16,0
DA:23,0
DA:24,0
DA:26,0
DA:37,0
DA:41,0
DA:45,0
DA:59,0
DA:65,0
DA:66,0
DA:68,0
DA:69,0
DA:78,0
DA:79,0
DA:81,0
DA:82,0
DA:83,0
DA:93,0
DA:99,0
DA:100,0
DA:102,0
DA:103,0
DA:108,0
DA:109,0
DA:110,0
DA:111,0
DA:113,0
DA:123,0
DA:129,0
DA:130,0
DA:132,0
DA:133,0
DA:138,0
DA:142,0
DA:143,0
DA:145,0
DA:146,0
DA:147,0
DA:157,0
DA:160,0
DA:174,0
DA:175,0
DA:179,0
DA:181,0
DA:183,0
DA:184,0
DA:185,0
DA:196,0
DA:202,0
DA:203,0
DA:205,0
DA:206,0
DA:208,0
DA:209,0
DA:211,0
DA:212,0
DA:214,0
DA:215,0
DA:217,0
DA:220,0
DA:223,0
DA:224,0
DA:225,0
DA:232,0
DA:233,0
DA:234,0
DA:241,0
DA:242,0
DA:243,0
DA:250,0
DA:251,0
DA:252,0
DA:259,0
DA:260,0
DA:261,0
DA:268,0
DA:269,0
DA:270,0
DA:279,0
DA:286,0
DA:293,0
DA:298,0
DA:303,0
DA:316,0
DA:322,0
DA:323,0
DA:325,0
DA:326,0
DA:328,0
DA:331,0
DA:338,0
DA:344,0
DA:352,0
DA:363,0
DA:370,0
DA:376,0
DA:377,0
DA:379,0
DA:386,0
DA:390,0
DA:395,0
DA:403,0
DA:404,0
DA:405,0
DA:406,0
DA:417,0
DA:424,0
DA:425,0
DA:427,0
DA:435,0
DA:441,0
DA:459,0
DA:460,0
DA:470,0
DA:473,0
DA:476,0
DA:478,0
DA:487,0
DA:492,0
DA:493,0
DA:498,0
DA:503,0
DA:508,0
DA:513,0
DA:514,0
DA:515,0
DA:520,0
DA:525,0
DA:530,0
DA:535,0
DA:536,0
DA:544,0
DA:545,0
DA:550,0
DA:551,0
DA:552,0
DA:557,0
DA:558,0
DA:559,0
DA:564,0
DA:565,0
DA:566,0
DA:571,0
DA:572,0
DA:576,0
DA:577,0
DA:578,0
DA:583,0
DA:584,0
DA:585,0
DA:590,0
DA:591,0
DA:596,0
DA:597,0
DA:598,0
LF:156
LH:0
end_of_record
SF:lib/theme/default/font_types.dart
DA:45,0
DA:48,0
DA:49,0
DA:50,0
DA:51,0
DA:53,0
DA:54,0
DA:56,0
DA:57,0
DA:58,0
DA:60,0
DA:61,0
DA:63,0
DA:64,0
DA:66,0
DA:67,0
DA:69,0
DA:70,0
DA:72,0
DA:73,0
DA:75,0
DA:76,0
DA:84,0
DA:85,0
DA:121,0
DA:124,0
DA:125,0
DA:126,0
DA:134,0
DA:136,0
DA:138,0
DA:139,0
DA:140,0
DA:150,0
DA:151,0
DA:192,0
DA:193,0
DA:194,0
DA:195,0
DA:197,0
DA:198,0
DA:199,0
DA:201,0
DA:202,0
DA:204,0
DA:205,0
DA:206,0
DA:208,0
DA:209,0
DA:211,0
DA:212,0
DA:213,0
DA:215,0
DA:216,0
DA:218,0
DA:219,0
DA:220,0
DA:222,0
DA:223,0
DA:234,0
DA:251,0
DA:257,0
DA:258,0
DA:262,0
DA:265,0
DA:269,0
DA:270,0
DA:273,0
DA:280,0
DA:285,0
DA:289,0
DA:294,0
DA:301,0
DA:303,0
DA:307,0
DA:308,0
DA:312,0
DA:313,0
DA:317,0
DA:318,0
DA:319,0
DA:321,0
DA:325,0
DA:326,0
DA:327,0
DA:330,0
DA:332,0
DA:334,0
DA:336,0
DA:338,0
DA:346,0
DA:351,0
DA:352,0
DA:353,0
DA:355,0
DA:358,0
DA:360,0
DA:361,0
DA:368,0
DA:371,0
DA:377,0
DA:379,0
DA:380,0
DA:386,0
DA:392,0
DA:394,0
DA:395,0
DA:401,0
DA:407,0
DA:409,0
DA:410,0
DA:416,0
DA:422,0
DA:424,0
DA:425,0
DA:434,0
DA:439,0
DA:448,0
DA:449,0
DA:453,0
LF:120
LH:0
end_of_record
SF:lib/theme/default/config/text_theme.dart
DA:8,0
DA:11,0
DA:14,0
DA:20,0
DA:24,0
DA:35,0
DA:39,0
DA:47,0
DA:51,0
DA:55,0
DA:59,0
DA:63,0
DA:80,0
DA:83,0
DA:85,0
DA:86,0
DA:94,0
DA:96,0
DA:97,0
DA:107,0
DA:108,0
DA:120,0
DA:121,0
DA:131,0
DA:132,0
DA:142,0
DA:143,0
DA:155,0
DA:156,0
DA:166,0
DA:167,0
DA:177,0
DA:178,0
DA:190,0
DA:191,0
DA:201,0
DA:202,0
DA:212,0
DA:213,0
DA:225,0
DA:226,0
DA:236,0
DA:237,0
DA:247,0
DA:248,0
DA:261,0
DA:269,0
DA:274,0
DA:276,0
DA:277,0
DA:278,0
DA:279,0
DA:284,0
DA:285,0
DA:286,0
DA:291,0
DA:292,0
DA:293,0
DA:298,0
DA:299,0
DA:300,0
DA:305,0
DA:306,0
DA:307,0
DA:312,0
DA:313,0
DA:314,0
DA:319,0
DA:320,0
DA:321,0
DA:326,0
DA:327,0
DA:328,0
DA:333,0
DA:334,0
DA:335,0
DA:340,0
DA:341,0
DA:342,0
DA:347,0
DA:348,0
DA:349,0
DA:354,0
DA:355,0
DA:356,0
DA:361,0
DA:362,0
DA:363,0
DA:368,0
DA:369,0
DA:370,0
DA:375,0
DA:376,0
DA:377,0
DA:389,0
DA:390,0
DA:392,0
DA:393,0
DA:394,0
DA:395,0
DA:396,0
DA:397,0
DA:398,0
DA:399,0
DA:400,0
DA:401,0
DA:402,0
DA:403,0
DA:404,0
DA:405,0
DA:406,0
DA:407,0
DA:410,0
DA:411,0
DA:412,0
DA:413,0
LF:116
LH:0
end_of_record
SF:lib/theme/default/theme.dart
DA:13,0
DA:23,0
DA:27,0
DA:34,0
DA:38,0
DA:46,0
DA:51,0
DA:64,0
DA:69,0
DA:78,0
DA:82,0
DA:86,0
DA:90,0
DA:95,0
DA:98,0
DA:104,0
DA:106,0
DA:108,0
DA:111,0
DA:114,0
DA:116,0
DA:120,0
DA:122,0
DA:124,0
DA:127,0
DA:130,0
DA:132,0
DA:136,0
DA:137,0
DA:138,0
DA:139,0
DA:140,0
DA:141,0
DA:142,0
DA:143,0
DA:144,0
DA:145,0
DA:146,0
DA:147,0
DA:156,0
DA:163,0
DA:164,0
DA:167,0
DA:170,0
DA:179,0
DA:187,0
DA:188,0
DA:191,0
DA:192,0
DA:195,0
DA:198,0
DA:205,0
DA:207,0
DA:212,0
DA:249,0
DA:250,0
DA:253,0
DA:257,0
DA:263,0
DA:266,0
DA:267,0
DA:271,0
DA:274,0
DA:277,0
DA:282,0
DA:283,0
DA:284,0
DA:287,0
DA:292,0
DA:294,0
DA:299,0
DA:336,0
DA:337,0
DA:340,0
DA:344,0
DA:350,0
DA:353,0
DA:354,0
DA:358,0
DA:361,0
DA:364,0
DA:369,0
DA:370,0
DA:371,0
DA:374,0
DA:383,0
DA:388,0
DA:389,0
DA:394,0
DA:401,0
DA:402,0
LF:91
LH:0
end_of_record
SF:lib/theme/dynamic_color_manager.dart
DA:12,0
DA:15,0
DA:16,0
DA:30,0
DA:31,0
DA:32,0
DA:37,0
DA:38,0
DA:43,0
DA:44,0
DA:46,0
DA:48,0
DA:49,0
DA:58,0
DA:62,0
DA:67,0
DA:68,0
DA:70,0
DA:71,0
DA:76,0
DA:82,0
DA:85,0
DA:90,0
DA:91,0
DA:94,0
DA:104,0
DA:110,0
DA:111,0
DA:114,0
DA:120,0
DA:131,0
DA:133,0
DA:139,0
DA:140,0
DA:178,0
DA:179,0
DA:221,0
DA:226,0
DA:228,0
DA:229,0
DA:230,0
DA:231,0
DA:234,0
DA:235,0
DA:236,0
DA:237,0
DA:240,0
DA:241,0
DA:242,0
DA:243,0
DA:252,0
DA:253,0
DA:254,0
DA:255,0
DA:258,0
DA:259,0
DA:266,0
DA:267,0
DA:268,0
DA:269,0
DA:275,0
DA:276,0
DA:279,0
DA:281,0
DA:287,0
DA:288,0
DA:290,0
DA:293,0
DA:294,0
DA:297,0
DA:299,0
DA:300,0
LF:72
LH:0
end_of_record
SF:lib/theme/providers/theme_provider.dart
DA:19,0
DA:21,0
DA:26,0
DA:29,0
DA:30,0
DA:31,0
DA:32,0
DA:37,0
DA:40,0
DA:45,0
DA:46,0
DA:49,0
DA:50,0
DA:51,0
DA:52,0
DA:53,0
DA:57,0
DA:62,0
DA:63,0
DA:67,0
DA:68,0
DA:81,1
DA:90,0
DA:98,0
DA:99,0
DA:100,0
DA:101,0
DA:102,0
DA:104,0
DA:105,0
DA:119,0
DA:122,0
DA:123,0
DA:126,0
DA:132,0
DA:135,0
DA:138,0
DA:141,0
DA:142,0
DA:145,0
DA:150,0
DA:151,0
DA:155,0
DA:156,0
DA:160,0
DA:161,0
DA:165,0
DA:168,0
DA:171,0
DA:172,0
DA:174,0
DA:177,0
DA:180,0
DA:183,0
DA:187,0
DA:189,0
DA:194,0
DA:196,0
DA:197,0
DA:199,0
DA:200,0
DA:205,0
DA:207,0
DA:208,0
DA:209,0
DA:210,0
DA:211,0
DA:213,0
DA:218,0
DA:220,0
DA:223,0
DA:224,0
DA:226,0
DA:227,0
DA:228,0
DA:231,0
DA:239,0
DA:240,0
DA:242,0
DA:244,0
DA:249,0
DA:251,0
DA:252,0
DA:253,0
DA:254,0
DA:255,0
DA:258,0
DA:259,0
DA:260,0
DA:263,0
DA:264,0
DA:268,0
DA:269,0
DA:273,0
DA:274,0
DA:275,0
DA:276,0
DA:278,0
DA:283,0
DA:285,0
DA:286,0
DA:289,0
DA:290,0
DA:293,0
DA:295,0
DA:296,0
DA:300,0
DA:305,0
DA:306,0
DA:310,0
DA:311,0
DA:313,0
DA:319,0
DA:325,0
DA:326,0
DA:334,0
DA:335,0
DA:336,0
DA:337,0
DA:341,0
DA:342,0
DA:349,0
DA:351,0
DA:353,0
DA:356,0
DA:357,0
DA:360,0
DA:364,0
DA:365,0
DA:368,0
DA:369,0
DA:372,0
DA:376,0
DA:379,0
DA:382,0
DA:383,0
DA:385,0
DA:387,0
DA:391,0
DA:392,0
DA:396,0
DA:400,0
DA:408,0
DA:409,0
DA:410,0
DA:411,0
DA:412,0
DA:413,0
DA:414,0
DA:419,0
DA:420,0
DA:423,0
DA:424,0
DA:427,0
DA:428,0
DA:429,0
DA:433,0
DA:434,0
DA:435,0
DA:439,0
DA:441,0
DA:442,0
DA:443,0
DA:446,0
DA:447,0
DA:450,0
DA:451,0
DA:452,0
DA:453,0
DA:459,0
DA:460,0
DA:464,0
DA:468,0
LF:173
LH:1
end_of_record
SF:lib/theme/providers/theme_provider.g.dart
DA:16,0
DA:26,0
DA:27,0
DA:37,0
DA:38,0
DA:40,0
DA:42,0
DA:45,0
DA:46,0
DA:48,0
DA:53,0
DA:61,0
DA:64,0
DA:66,0
DA:73,0
DA:82,0
DA:92,0
DA:93,0
DA:103,0
DA:104,0
DA:106,0
DA:108,0
DA:111,0
DA:112,0
DA:114,0
DA:119,0
DA:127,0
DA:130,0
DA:132,0
DA:139,0
LF:30
LH:0
end_of_record
